CRITICAL - 2022-09-07 00:49:38 --> Undefined variable: jumlahSuratMasuk
in APPPATH\Views\layout\surat\template.php on line 107.
 1 APPPATH\Views\layout\surat\template.php(107): CodeIgniter\Debug\Exceptions->errorHandler(8, 'Undefined variable: jumlahSuratMasuk', 'APPPATH\\Views\\layout\\surat\\template.php', 107, [...])
 2 SYSTEMPATH\View\View.php(213): include('APPPATH\\Views\\layout\\surat\\template.php')
 3 SYSTEMPATH\View\View.php(216): CodeIgniter\View\View->CodeIgniter\View\{closure}()
 4 SYSTEMPATH\View\View.php(229): CodeIgniter\View\View->render('layout/surat/template', [], true)
 5 SYSTEMPATH\Common.php(1142): CodeIgniter\View\View->render('surat/surattugas/indexsurattugas.php', [], true)
 6 APPPATH\Controllers\SuratTugas.php(13): view('surat/surattugas/indexsurattugas.php', [...])
 7 SYSTEMPATH\CodeIgniter.php(904): App\Controllers\SuratTugas->index()
 8 SYSTEMPATH\CodeIgniter.php(457): CodeIgniter\CodeIgniter->runController(Object(App\Controllers\SuratTugas))
 9 SYSTEMPATH\CodeIgniter.php(340): CodeIgniter\CodeIgniter->handleRequest(null, Object(Config\Cache), false)
10 FCPATH\index.php(67): CodeIgniter\CodeIgniter->run()
CRITICAL - 2022-09-07 00:49:53 --> Undefined variable: jumlahSuratMasuk
in APPPATH\Views\layout\surat\template.php on line 107.
 1 APPPATH\Views\layout\surat\template.php(107): CodeIgniter\Debug\Exceptions->errorHandler(8, 'Undefined variable: jumlahSuratMasuk', 'APPPATH\\Views\\layout\\surat\\template.php', 107, [...])
 2 SYSTEMPATH\View\View.php(213): include('APPPATH\\Views\\layout\\surat\\template.php')
 3 SYSTEMPATH\View\View.php(216): CodeIgniter\View\View->CodeIgniter\View\{closure}()
 4 SYSTEMPATH\View\View.php(229): CodeIgniter\View\View->render('layout/surat/template', [], true)
 5 SYSTEMPATH\Common.php(1142): CodeIgniter\View\View->render('surat/surattugas/indexsurattugas.php', [], true)
 6 APPPATH\Controllers\SuratTugas.php(13): view('surat/surattugas/indexsurattugas.php', [...])
 7 SYSTEMPATH\CodeIgniter.php(904): App\Controllers\SuratTugas->index()
 8 SYSTEMPATH\CodeIgniter.php(457): CodeIgniter\CodeIgniter->runController(Object(App\Controllers\SuratTugas))
 9 SYSTEMPATH\CodeIgniter.php(340): CodeIgniter\CodeIgniter->handleRequest(null, Object(Config\Cache), false)
10 FCPATH\index.php(67): CodeIgniter\CodeIgniter->run()
CRITICAL - 2022-09-07 00:50:17 --> Undefined variable: jumlahSuratMasuk
in APPPATH\Views\layout\surat\template.php on line 107.
 1 APPPATH\Views\layout\surat\template.php(107): CodeIgniter\Debug\Exceptions->errorHandler(8, 'Undefined variable: jumlahSuratMasuk', 'APPPATH\\Views\\layout\\surat\\template.php', 107, [...])
 2 SYSTEMPATH\View\View.php(213): include('APPPATH\\Views\\layout\\surat\\template.php')
 3 SYSTEMPATH\View\View.php(216): CodeIgniter\View\View->CodeIgniter\View\{closure}()
 4 SYSTEMPATH\View\View.php(229): CodeIgniter\View\View->render('layout/surat/template', [], true)
 5 SYSTEMPATH\Common.php(1142): CodeIgniter\View\View->render('surat/surattugas/indexsurattugas.php', [], true)
 6 APPPATH\Controllers\SuratTugas.php(13): view('surat/surattugas/indexsurattugas.php', [...])
 7 SYSTEMPATH\CodeIgniter.php(904): App\Controllers\SuratTugas->index()
 8 SYSTEMPATH\CodeIgniter.php(457): CodeIgniter\CodeIgniter->runController(Object(App\Controllers\SuratTugas))
 9 SYSTEMPATH\CodeIgniter.php(340): CodeIgniter\CodeIgniter->handleRequest(null, Object(Config\Cache), false)
10 FCPATH\index.php(67): CodeIgniter\CodeIgniter->run()
CRITICAL - 2022-09-07 00:50:29 --> Undefined variable: jumlahSuratMasuk
in APPPATH\Views\layout\surat\template.php on line 107.
 1 APPPATH\Views\layout\surat\template.php(107): CodeIgniter\Debug\Exceptions->errorHandler(8, 'Undefined variable: jumlahSuratMasuk', 'APPPATH\\Views\\layout\\surat\\template.php', 107, [...])
 2 SYSTEMPATH\View\View.php(213): include('APPPATH\\Views\\layout\\surat\\template.php')
 3 SYSTEMPATH\View\View.php(216): CodeIgniter\View\View->CodeIgniter\View\{closure}()
 4 SYSTEMPATH\View\View.php(229): CodeIgniter\View\View->render('layout/surat/template', [], true)
 5 SYSTEMPATH\Common.php(1142): CodeIgniter\View\View->render('surat/suratkeluar/indexsuratkeluar.php', [], true)
 6 APPPATH\Controllers\SuratKeluar.php(22): view('surat/suratkeluar/indexsuratkeluar.php', [...])
 7 SYSTEMPATH\CodeIgniter.php(904): App\Controllers\SuratKeluar->index()
 8 SYSTEMPATH\CodeIgniter.php(457): CodeIgniter\CodeIgniter->runController(Object(App\Controllers\SuratKeluar))
 9 SYSTEMPATH\CodeIgniter.php(340): CodeIgniter\CodeIgniter->handleRequest(null, Object(Config\Cache), false)
10 FCPATH\index.php(67): CodeIgniter\CodeIgniter->run()
CRITICAL - 2022-09-07 00:50:42 --> Undefined variable: jumlahSuratMasuk
in APPPATH\Views\layout\surat\template.php on line 107.
 1 APPPATH\Views\layout\surat\template.php(107): CodeIgniter\Debug\Exceptions->errorHandler(8, 'Undefined variable: jumlahSuratMasuk', 'APPPATH\\Views\\layout\\surat\\template.php', 107, [...])
 2 SYSTEMPATH\View\View.php(213): include('APPPATH\\Views\\layout\\surat\\template.php')
 3 SYSTEMPATH\View\View.php(216): CodeIgniter\View\View->CodeIgniter\View\{closure}()
 4 SYSTEMPATH\View\View.php(229): CodeIgniter\View\View->render('layout/surat/template', [], true)
 5 SYSTEMPATH\Common.php(1142): CodeIgniter\View\View->render('surat/suratmasuk/indexsuratmasuk.php', [], true)
 6 APPPATH\Controllers\SuratMasuk.php(22): view('surat/suratmasuk/indexsuratmasuk.php', [...])
 7 SYSTEMPATH\CodeIgniter.php(904): App\Controllers\SuratMasuk->index()
 8 SYSTEMPATH\CodeIgniter.php(457): CodeIgniter\CodeIgniter->runController(Object(App\Controllers\SuratMasuk))
 9 SYSTEMPATH\CodeIgniter.php(340): CodeIgniter\CodeIgniter->handleRequest(null, Object(Config\Cache), false)
10 FCPATH\index.php(67): CodeIgniter\CodeIgniter->run()
CRITICAL - 2022-09-07 00:50:49 --> Undefined variable: jumlahSuratMasuk
in APPPATH\Views\layout\surat\template.php on line 107.
 1 APPPATH\Views\layout\surat\template.php(107): CodeIgniter\Debug\Exceptions->errorHandler(8, 'Undefined variable: jumlahSuratMasuk', 'APPPATH\\Views\\layout\\surat\\template.php', 107, [...])
 2 SYSTEMPATH\View\View.php(213): include('APPPATH\\Views\\layout\\surat\\template.php')
 3 SYSTEMPATH\View\View.php(216): CodeIgniter\View\View->CodeIgniter\View\{closure}()
 4 SYSTEMPATH\View\View.php(229): CodeIgniter\View\View->render('layout/surat/template', [], true)
 5 SYSTEMPATH\Common.php(1142): CodeIgniter\View\View->render('surat/surattugas/indexsurattugas.php', [], true)
 6 APPPATH\Controllers\SuratTugas.php(13): view('surat/surattugas/indexsurattugas.php', [...])
 7 SYSTEMPATH\CodeIgniter.php(904): App\Controllers\SuratTugas->index()
 8 SYSTEMPATH\CodeIgniter.php(457): CodeIgniter\CodeIgniter->runController(Object(App\Controllers\SuratTugas))
 9 SYSTEMPATH\CodeIgniter.php(340): CodeIgniter\CodeIgniter->handleRequest(null, Object(Config\Cache), false)
10 FCPATH\index.php(67): CodeIgniter\CodeIgniter->run()
CRITICAL - 2022-09-07 00:51:01 --> Undefined variable: jumlahSuratMasuk
in APPPATH\Views\layout\surat\template.php on line 107.
 1 APPPATH\Views\layout\surat\template.php(107): CodeIgniter\Debug\Exceptions->errorHandler(8, 'Undefined variable: jumlahSuratMasuk', 'APPPATH\\Views\\layout\\surat\\template.php', 107, [...])
 2 SYSTEMPATH\View\View.php(213): include('APPPATH\\Views\\layout\\surat\\template.php')
 3 SYSTEMPATH\View\View.php(216): CodeIgniter\View\View->CodeIgniter\View\{closure}()
 4 SYSTEMPATH\View\View.php(229): CodeIgniter\View\View->render('layout/surat/template', [], true)
 5 SYSTEMPATH\Common.php(1142): CodeIgniter\View\View->render('surat/suratkeluar/indexsuratkeluar.php', [], true)
 6 APPPATH\Controllers\SuratKeluar.php(22): view('surat/suratkeluar/indexsuratkeluar.php', [...])
 7 SYSTEMPATH\CodeIgniter.php(904): App\Controllers\SuratKeluar->index()
 8 SYSTEMPATH\CodeIgniter.php(457): CodeIgniter\CodeIgniter->runController(Object(App\Controllers\SuratKeluar))
 9 SYSTEMPATH\CodeIgniter.php(340): CodeIgniter\CodeIgniter->handleRequest(null, Object(Config\Cache), false)
10 FCPATH\index.php(67): CodeIgniter\CodeIgniter->run()
CRITICAL - 2022-09-07 00:51:16 --> Undefined variable: jumlahSuratMasuk
in APPPATH\Views\layout\surat\template.php on line 107.
 1 APPPATH\Views\layout\surat\template.php(107): CodeIgniter\Debug\Exceptions->errorHandler(8, 'Undefined variable: jumlahSuratMasuk', 'APPPATH\\Views\\layout\\surat\\template.php', 107, [...])
 2 SYSTEMPATH\View\View.php(213): include('APPPATH\\Views\\layout\\surat\\template.php')
 3 SYSTEMPATH\View\View.php(216): CodeIgniter\View\View->CodeIgniter\View\{closure}()
 4 SYSTEMPATH\View\View.php(229): CodeIgniter\View\View->render('layout/surat/template', [], true)
 5 SYSTEMPATH\Common.php(1142): CodeIgniter\View\View->render('surat/surattugas/indexsurattugas.php', [], true)
 6 APPPATH\Controllers\SuratTugas.php(13): view('surat/surattugas/indexsurattugas.php', [...])
 7 SYSTEMPATH\CodeIgniter.php(904): App\Controllers\SuratTugas->index()
 8 SYSTEMPATH\CodeIgniter.php(457): CodeIgniter\CodeIgniter->runController(Object(App\Controllers\SuratTugas))
 9 SYSTEMPATH\CodeIgniter.php(340): CodeIgniter\CodeIgniter->handleRequest(null, Object(Config\Cache), false)
10 FCPATH\index.php(67): CodeIgniter\CodeIgniter->run()
CRITICAL - 2022-09-07 00:51:37 --> Undefined variable: jumlahSuratMasuk
in APPPATH\Views\layout\surat\template.php on line 107.
 1 APPPATH\Views\layout\surat\template.php(107): CodeIgniter\Debug\Exceptions->errorHandler(8, 'Undefined variable: jumlahSuratMasuk', 'APPPATH\\Views\\layout\\surat\\template.php', 107, [...])
 2 SYSTEMPATH\View\View.php(213): include('APPPATH\\Views\\layout\\surat\\template.php')
 3 SYSTEMPATH\View\View.php(216): CodeIgniter\View\View->CodeIgniter\View\{closure}()
 4 SYSTEMPATH\View\View.php(229): CodeIgniter\View\View->render('layout/surat/template', [], true)
 5 SYSTEMPATH\Common.php(1142): CodeIgniter\View\View->render('surat/suratkeluar/indexsuratkeluar.php', [], true)
 6 APPPATH\Controllers\SuratKeluar.php(22): view('surat/suratkeluar/indexsuratkeluar.php', [...])
 7 SYSTEMPATH\CodeIgniter.php(904): App\Controllers\SuratKeluar->index()
 8 SYSTEMPATH\CodeIgniter.php(457): CodeIgniter\CodeIgniter->runController(Object(App\Controllers\SuratKeluar))
 9 SYSTEMPATH\CodeIgniter.php(340): CodeIgniter\CodeIgniter->handleRequest(null, Object(Config\Cache), false)
10 FCPATH\index.php(67): CodeIgniter\CodeIgniter->run()
CRITICAL - 2022-09-07 01:09:54 --> Undefined variable: jumlahSuratMasuk
in APPPATH\Views\layout\surat\template.php on line 107.
 1 APPPATH\Views\layout\surat\template.php(107): CodeIgniter\Debug\Exceptions->errorHandler(8, 'Undefined variable: jumlahSuratMasuk', 'APPPATH\\Views\\layout\\surat\\template.php', 107, [...])
 2 SYSTEMPATH\View\View.php(213): include('APPPATH\\Views\\layout\\surat\\template.php')
 3 SYSTEMPATH\View\View.php(216): CodeIgniter\View\View->CodeIgniter\View\{closure}()
 4 SYSTEMPATH\View\View.php(229): CodeIgniter\View\View->render('layout/surat/template', [], true)
 5 SYSTEMPATH\Common.php(1142): CodeIgniter\View\View->render('surat/surattugas/indexsurattugas.php', [], true)
 6 APPPATH\Controllers\SuratTugas.php(13): view('surat/surattugas/indexsurattugas.php', [...])
 7 SYSTEMPATH\CodeIgniter.php(904): App\Controllers\SuratTugas->index()
 8 SYSTEMPATH\CodeIgniter.php(457): CodeIgniter\CodeIgniter->runController(Object(App\Controllers\SuratTugas))
 9 SYSTEMPATH\CodeIgniter.php(340): CodeIgniter\CodeIgniter->handleRequest(null, Object(Config\Cache), false)
10 FCPATH\index.php(67): CodeIgniter\CodeIgniter->run()
CRITICAL - 2022-09-07 01:13:50 --> Undefined variable: jumlahSuratMasuk
in APPPATH\Views\layout\surat\template.php on line 107.
 1 APPPATH\Views\layout\surat\template.php(107): CodeIgniter\Debug\Exceptions->errorHandler(8, 'Undefined variable: jumlahSuratMasuk', 'APPPATH\\Views\\layout\\surat\\template.php', 107, [...])
 2 SYSTEMPATH\View\View.php(213): include('APPPATH\\Views\\layout\\surat\\template.php')
 3 SYSTEMPATH\View\View.php(216): CodeIgniter\View\View->CodeIgniter\View\{closure}()
 4 SYSTEMPATH\View\View.php(229): CodeIgniter\View\View->render('layout/surat/template', [], true)
 5 SYSTEMPATH\Common.php(1142): CodeIgniter\View\View->render('surat/surattugas/indexsurattugas.php', [], true)
 6 APPPATH\Controllers\SuratTugas.php(13): view('surat/surattugas/indexsurattugas.php', [...])
 7 SYSTEMPATH\CodeIgniter.php(904): App\Controllers\SuratTugas->index()
 8 SYSTEMPATH\CodeIgniter.php(457): CodeIgniter\CodeIgniter->runController(Object(App\Controllers\SuratTugas))
 9 SYSTEMPATH\CodeIgniter.php(340): CodeIgniter\CodeIgniter->handleRequest(null, Object(Config\Cache), false)
10 FCPATH\index.php(67): CodeIgniter\CodeIgniter->run()
CRITICAL - 2022-09-07 01:52:12 --> Undefined variable: jumlahSuratMasuk
in APPPATH\Views\layout\surat\template.php on line 107.
 1 APPPATH\Views\layout\surat\template.php(107): CodeIgniter\Debug\Exceptions->errorHandler(8, 'Undefined variable: jumlahSuratMasuk', 'APPPATH\\Views\\layout\\surat\\template.php', 107, [...])
 2 SYSTEMPATH\View\View.php(213): include('APPPATH\\Views\\layout\\surat\\template.php')
 3 SYSTEMPATH\View\View.php(216): CodeIgniter\View\View->CodeIgniter\View\{closure}()
 4 SYSTEMPATH\View\View.php(229): CodeIgniter\View\View->render('layout/surat/template', [], true)
 5 SYSTEMPATH\Common.php(1142): CodeIgniter\View\View->render('surat/surattugas/indexsurattugas.php', [], true)
 6 APPPATH\Controllers\SuratTugas.php(13): view('surat/surattugas/indexsurattugas.php', [...])
 7 SYSTEMPATH\CodeIgniter.php(904): App\Controllers\SuratTugas->index()
 8 SYSTEMPATH\CodeIgniter.php(457): CodeIgniter\CodeIgniter->runController(Object(App\Controllers\SuratTugas))
 9 SYSTEMPATH\CodeIgniter.php(340): CodeIgniter\CodeIgniter->handleRequest(null, Object(Config\Cache), false)
10 FCPATH\index.php(67): CodeIgniter\CodeIgniter->run()
CRITICAL - 2022-09-07 01:58:30 --> Undefined variable: jumlahSuratMasuk
in APPPATH\Views\layout\surat\template.php on line 107.
 1 APPPATH\Views\layout\surat\template.php(107): CodeIgniter\Debug\Exceptions->errorHandler(8, 'Undefined variable: jumlahSuratMasuk', 'APPPATH\\Views\\layout\\surat\\template.php', 107, [...])
 2 SYSTEMPATH\View\View.php(213): include('APPPATH\\Views\\layout\\surat\\template.php')
 3 SYSTEMPATH\View\View.php(216): CodeIgniter\View\View->CodeIgniter\View\{closure}()
 4 SYSTEMPATH\View\View.php(229): CodeIgniter\View\View->render('layout/surat/template', [], true)
 5 SYSTEMPATH\Common.php(1142): CodeIgniter\View\View->render('surat/surattugas/indexsurattugas.php', [], true)
 6 APPPATH\Controllers\SuratTugas.php(13): view('surat/surattugas/indexsurattugas.php', [...])
 7 SYSTEMPATH\CodeIgniter.php(904): App\Controllers\SuratTugas->index()
 8 SYSTEMPATH\CodeIgniter.php(457): CodeIgniter\CodeIgniter->runController(Object(App\Controllers\SuratTugas))
 9 SYSTEMPATH\CodeIgniter.php(340): CodeIgniter\CodeIgniter->handleRequest(null, Object(Config\Cache), false)
10 FCPATH\index.php(67): CodeIgniter\CodeIgniter->run()
CRITICAL - 2022-09-07 19:51:04 --> Undefined variable: jumlahSuratMasuk
in APPPATH\Views\layout\surat\template.php on line 107.
 1 APPPATH\Views\layout\surat\template.php(107): CodeIgniter\Debug\Exceptions->errorHandler(8, 'Undefined variable: jumlahSuratMasuk', 'APPPATH\\Views\\layout\\surat\\template.php', 107, [...])
 2 SYSTEMPATH\View\View.php(213): include('APPPATH\\Views\\layout\\surat\\template.php')
 3 SYSTEMPATH\View\View.php(216): CodeIgniter\View\View->CodeIgniter\View\{closure}()
 4 SYSTEMPATH\View\View.php(229): CodeIgniter\View\View->render('layout/surat/template', [], true)
 5 SYSTEMPATH\Common.php(1142): CodeIgniter\View\View->render('surat/surattugas/indexsurattugas.php', [], true)
 6 APPPATH\Controllers\SuratTugas.php(13): view('surat/surattugas/indexsurattugas.php', [...])
 7 SYSTEMPATH\CodeIgniter.php(904): App\Controllers\SuratTugas->index()
 8 SYSTEMPATH\CodeIgniter.php(457): CodeIgniter\CodeIgniter->runController(Object(App\Controllers\SuratTugas))
 9 SYSTEMPATH\CodeIgniter.php(340): CodeIgniter\CodeIgniter->handleRequest(null, Object(Config\Cache), false)
10 FCPATH\index.php(67): CodeIgniter\CodeIgniter->run()
CRITICAL - 2022-09-07 19:59:09 --> Undefined variable: suratmasuk
in APPPATH\Views\surat\suratmasuk\indexsuratmasuk.php on line 31.
 1 APPPATH\Views\surat\suratmasuk\indexsuratmasuk.php(31): CodeIgniter\Debug\Exceptions->errorHandler(8, 'Undefined variable: suratmasuk', 'APPPATH\\Views\\surat\\suratmasuk\\indexsuratmasuk.php', 31, [...])
 2 SYSTEMPATH\View\View.php(213): include('APPPATH\\Views\\surat\\suratmasuk\\indexsuratmasuk.php')
 3 SYSTEMPATH\View\View.php(216): CodeIgniter\View\View->CodeIgniter\View\{closure}()
 4 SYSTEMPATH\Common.php(1142): CodeIgniter\View\View->render('surat/suratmasuk/indexsuratmasuk.php', [], true)
 5 APPPATH\Controllers\SuratTugas.php(31): view('surat/suratmasuk/indexsuratmasuk.php', [...])
 6 SYSTEMPATH\CodeIgniter.php(904): App\Controllers\SuratTugas->index()
 7 SYSTEMPATH\CodeIgniter.php(457): CodeIgniter\CodeIgniter->runController(Object(App\Controllers\SuratTugas))
 8 SYSTEMPATH\CodeIgniter.php(340): CodeIgniter\CodeIgniter->handleRequest(null, Object(Config\Cache), false)
 9 FCPATH\index.php(67): CodeIgniter\CodeIgniter->run()
CRITICAL - 2022-09-07 19:59:11 --> Undefined variable: suratmasuk
in APPPATH\Views\surat\suratmasuk\indexsuratmasuk.php on line 31.
 1 APPPATH\Views\surat\suratmasuk\indexsuratmasuk.php(31): CodeIgniter\Debug\Exceptions->errorHandler(8, 'Undefined variable: suratmasuk', 'APPPATH\\Views\\surat\\suratmasuk\\indexsuratmasuk.php', 31, [...])
 2 SYSTEMPATH\View\View.php(213): include('APPPATH\\Views\\surat\\suratmasuk\\indexsuratmasuk.php')
 3 SYSTEMPATH\View\View.php(216): CodeIgniter\View\View->CodeIgniter\View\{closure}()
 4 SYSTEMPATH\Common.php(1142): CodeIgniter\View\View->render('surat/suratmasuk/indexsuratmasuk.php', [], true)
 5 APPPATH\Controllers\SuratTugas.php(31): view('surat/suratmasuk/indexsuratmasuk.php', [...])
 6 SYSTEMPATH\CodeIgniter.php(904): App\Controllers\SuratTugas->index()
 7 SYSTEMPATH\CodeIgniter.php(457): CodeIgniter\CodeIgniter->runController(Object(App\Controllers\SuratTugas))
 8 SYSTEMPATH\CodeIgniter.php(340): CodeIgniter\CodeIgniter->handleRequest(null, Object(Config\Cache), false)
 9 FCPATH\index.php(67): CodeIgniter\CodeIgniter->run()
CRITICAL - 2022-09-07 19:59:32 --> Undefined variable: suratTugas
in APPPATH\Views\surat\surattugas\indexsurattugas.php on line 31.
 1 APPPATH\Views\surat\surattugas\indexsurattugas.php(31): CodeIgniter\Debug\Exceptions->errorHandler(8, 'Undefined variable: suratTugas', 'APPPATH\\Views\\surat\\surattugas\\indexsurattugas.php', 31, [...])
 2 SYSTEMPATH\View\View.php(213): include('APPPATH\\Views\\surat\\surattugas\\indexsurattugas.php')
 3 SYSTEMPATH\View\View.php(216): CodeIgniter\View\View->CodeIgniter\View\{closure}()
 4 SYSTEMPATH\Common.php(1142): CodeIgniter\View\View->render('surat/surattugas/indexsurattugas.php', [], true)
 5 APPPATH\Controllers\SuratTugas.php(31): view('surat/surattugas/indexsurattugas.php', [...])
 6 SYSTEMPATH\CodeIgniter.php(904): App\Controllers\SuratTugas->index()
 7 SYSTEMPATH\CodeIgniter.php(457): CodeIgniter\CodeIgniter->runController(Object(App\Controllers\SuratTugas))
 8 SYSTEMPATH\CodeIgniter.php(340): CodeIgniter\CodeIgniter->handleRequest(null, Object(Config\Cache), false)
 9 FCPATH\index.php(67): CodeIgniter\CodeIgniter->run()
CRITICAL - 2022-09-07 20:05:26 --> Undefined variable: jumlahSuratTugas
in APPPATH\Views\layout\surat\template.php on line 107.
 1 APPPATH\Views\layout\surat\template.php(107): CodeIgniter\Debug\Exceptions->errorHandler(8, 'Undefined variable: jumlahSuratTugas', 'APPPATH\\Views\\layout\\surat\\template.php', 107, [...])
 2 SYSTEMPATH\View\View.php(213): include('APPPATH\\Views\\layout\\surat\\template.php')
 3 SYSTEMPATH\View\View.php(216): CodeIgniter\View\View->CodeIgniter\View\{closure}()
 4 SYSTEMPATH\View\View.php(229): CodeIgniter\View\View->render('layout/surat/template', [], true)
 5 SYSTEMPATH\Common.php(1142): CodeIgniter\View\View->render('surat/dashboardsurat.php', [], true)
 6 APPPATH\Controllers\BerandaSurat.php(28): view('surat/dashboardsurat.php', [...])
 7 SYSTEMPATH\CodeIgniter.php(904): App\Controllers\BerandaSurat->index()
 8 SYSTEMPATH\CodeIgniter.php(457): CodeIgniter\CodeIgniter->runController(Object(App\Controllers\BerandaSurat))
 9 SYSTEMPATH\CodeIgniter.php(340): CodeIgniter\CodeIgniter->handleRequest(null, Object(Config\Cache), false)
10 FCPATH\index.php(67): CodeIgniter\CodeIgniter->run()
CRITICAL - 2022-09-07 20:06:42 --> Undefined variable: jumlahSuratTugas
in APPPATH\Views\layout\surat\template.php on line 107.
 1 APPPATH\Views\layout\surat\template.php(107): CodeIgniter\Debug\Exceptions->errorHandler(8, 'Undefined variable: jumlahSuratTugas', 'APPPATH\\Views\\layout\\surat\\template.php', 107, [...])
 2 SYSTEMPATH\View\View.php(213): include('APPPATH\\Views\\layout\\surat\\template.php')
 3 SYSTEMPATH\View\View.php(216): CodeIgniter\View\View->CodeIgniter\View\{closure}()
 4 SYSTEMPATH\View\View.php(229): CodeIgniter\View\View->render('layout/surat/template', [], true)
 5 SYSTEMPATH\Common.php(1142): CodeIgniter\View\View->render('surat/dashboardsurat.php', [], true)
 6 APPPATH\Controllers\BerandaSurat.php(28): view('surat/dashboardsurat.php', [...])
 7 SYSTEMPATH\CodeIgniter.php(904): App\Controllers\BerandaSurat->index()
 8 SYSTEMPATH\CodeIgniter.php(457): CodeIgniter\CodeIgniter->runController(Object(App\Controllers\BerandaSurat))
 9 SYSTEMPATH\CodeIgniter.php(340): CodeIgniter\CodeIgniter->handleRequest(null, Object(Config\Cache), false)
10 FCPATH\index.php(67): CodeIgniter\CodeIgniter->run()
CRITICAL - 2022-09-07 20:07:49 --> Undefined variable: suratkeluar
in APPPATH\Views\surat\dashboardsurat.php on line 91.
 1 APPPATH\Views\surat\dashboardsurat.php(91): CodeIgniter\Debug\Exceptions->errorHandler(8, 'Undefined variable: suratkeluar', 'APPPATH\\Views\\surat\\dashboardsurat.php', 91, [...])
 2 SYSTEMPATH\View\View.php(213): include('APPPATH\\Views\\surat\\dashboardsurat.php')
 3 SYSTEMPATH\View\View.php(216): CodeIgniter\View\View->CodeIgniter\View\{closure}()
 4 SYSTEMPATH\Common.php(1142): CodeIgniter\View\View->render('surat/dashboardsurat.php', [], true)
 5 APPPATH\Controllers\BerandaSurat.php(32): view('surat/dashboardsurat.php', [...])
 6 SYSTEMPATH\CodeIgniter.php(904): App\Controllers\BerandaSurat->index()
 7 SYSTEMPATH\CodeIgniter.php(457): CodeIgniter\CodeIgniter->runController(Object(App\Controllers\BerandaSurat))
 8 SYSTEMPATH\CodeIgniter.php(340): CodeIgniter\CodeIgniter->handleRequest(null, Object(Config\Cache), false)
 9 FCPATH\index.php(67): CodeIgniter\CodeIgniter->run()
CRITICAL - 2022-09-07 20:08:17 --> Undefined variable: suratkeluar
in APPPATH\Views\surat\dashboardsurat.php on line 91.
 1 APPPATH\Views\surat\dashboardsurat.php(91): CodeIgniter\Debug\Exceptions->errorHandler(8, 'Undefined variable: suratkeluar', 'APPPATH\\Views\\surat\\dashboardsurat.php', 91, [...])
 2 SYSTEMPATH\View\View.php(213): include('APPPATH\\Views\\surat\\dashboardsurat.php')
 3 SYSTEMPATH\View\View.php(216): CodeIgniter\View\View->CodeIgniter\View\{closure}()
 4 SYSTEMPATH\Common.php(1142): CodeIgniter\View\View->render('surat/dashboardsurat.php', [], true)
 5 APPPATH\Controllers\BerandaSurat.php(32): view('surat/dashboardsurat.php', [...])
 6 SYSTEMPATH\CodeIgniter.php(904): App\Controllers\BerandaSurat->index()
 7 SYSTEMPATH\CodeIgniter.php(457): CodeIgniter\CodeIgniter->runController(Object(App\Controllers\BerandaSurat))
 8 SYSTEMPATH\CodeIgniter.php(340): CodeIgniter\CodeIgniter->handleRequest(null, Object(Config\Cache), false)
 9 FCPATH\index.php(67): CodeIgniter\CodeIgniter->run()
CRITICAL - 2022-09-07 20:08:19 --> Undefined variable: suratkeluar
in APPPATH\Views\surat\dashboardsurat.php on line 91.
 1 APPPATH\Views\surat\dashboardsurat.php(91): CodeIgniter\Debug\Exceptions->errorHandler(8, 'Undefined variable: suratkeluar', 'APPPATH\\Views\\surat\\dashboardsurat.php', 91, [...])
 2 SYSTEMPATH\View\View.php(213): include('APPPATH\\Views\\surat\\dashboardsurat.php')
 3 SYSTEMPATH\View\View.php(216): CodeIgniter\View\View->CodeIgniter\View\{closure}()
 4 SYSTEMPATH\Common.php(1142): CodeIgniter\View\View->render('surat/dashboardsurat.php', [], true)
 5 APPPATH\Controllers\BerandaSurat.php(32): view('surat/dashboardsurat.php', [...])
 6 SYSTEMPATH\CodeIgniter.php(904): App\Controllers\BerandaSurat->index()
 7 SYSTEMPATH\CodeIgniter.php(457): CodeIgniter\CodeIgniter->runController(Object(App\Controllers\BerandaSurat))
 8 SYSTEMPATH\CodeIgniter.php(340): CodeIgniter\CodeIgniter->handleRequest(null, Object(Config\Cache), false)
 9 FCPATH\index.php(67): CodeIgniter\CodeIgniter->run()
CRITICAL - 2022-09-07 20:08:51 --> Undefined variable: suratkeluar
in APPPATH\Views\surat\dashboardsurat.php on line 91.
 1 APPPATH\Views\surat\dashboardsurat.php(91): CodeIgniter\Debug\Exceptions->errorHandler(8, 'Undefined variable: suratkeluar', 'APPPATH\\Views\\surat\\dashboardsurat.php', 91, [...])
 2 SYSTEMPATH\View\View.php(213): include('APPPATH\\Views\\surat\\dashboardsurat.php')
 3 SYSTEMPATH\View\View.php(216): CodeIgniter\View\View->CodeIgniter\View\{closure}()
 4 SYSTEMPATH\Common.php(1142): CodeIgniter\View\View->render('surat/dashboardsurat.php', [], true)
 5 APPPATH\Controllers\BerandaSurat.php(32): view('surat/dashboardsurat.php', [...])
 6 SYSTEMPATH\CodeIgniter.php(904): App\Controllers\BerandaSurat->index()
 7 SYSTEMPATH\CodeIgniter.php(457): CodeIgniter\CodeIgniter->runController(Object(App\Controllers\BerandaSurat))
 8 SYSTEMPATH\CodeIgniter.php(340): CodeIgniter\CodeIgniter->handleRequest(null, Object(Config\Cache), false)
 9 FCPATH\index.php(67): CodeIgniter\CodeIgniter->run()
CRITICAL - 2022-09-07 20:09:13 --> Undefined variable: suratkeluar
in APPPATH\Views\surat\dashboardsurat.php on line 91.
 1 APPPATH\Views\surat\dashboardsurat.php(91): CodeIgniter\Debug\Exceptions->errorHandler(8, 'Undefined variable: suratkeluar', 'APPPATH\\Views\\surat\\dashboardsurat.php', 91, [...])
 2 SYSTEMPATH\View\View.php(213): include('APPPATH\\Views\\surat\\dashboardsurat.php')
 3 SYSTEMPATH\View\View.php(216): CodeIgniter\View\View->CodeIgniter\View\{closure}()
 4 SYSTEMPATH\Common.php(1142): CodeIgniter\View\View->render('surat/dashboardsurat.php', [], true)
 5 APPPATH\Controllers\BerandaSurat.php(32): view('surat/dashboardsurat.php', [...])
 6 SYSTEMPATH\CodeIgniter.php(904): App\Controllers\BerandaSurat->index()
 7 SYSTEMPATH\CodeIgniter.php(457): CodeIgniter\CodeIgniter->runController(Object(App\Controllers\BerandaSurat))
 8 SYSTEMPATH\CodeIgniter.php(340): CodeIgniter\CodeIgniter->handleRequest(null, Object(Config\Cache), false)
 9 FCPATH\index.php(67): CodeIgniter\CodeIgniter->run()
CRITICAL - 2022-09-07 20:09:14 --> Undefined variable: suratkeluar
in APPPATH\Views\surat\dashboardsurat.php on line 91.
 1 APPPATH\Views\surat\dashboardsurat.php(91): CodeIgniter\Debug\Exceptions->errorHandler(8, 'Undefined variable: suratkeluar', 'APPPATH\\Views\\surat\\dashboardsurat.php', 91, [...])
 2 SYSTEMPATH\View\View.php(213): include('APPPATH\\Views\\surat\\dashboardsurat.php')
 3 SYSTEMPATH\View\View.php(216): CodeIgniter\View\View->CodeIgniter\View\{closure}()
 4 SYSTEMPATH\Common.php(1142): CodeIgniter\View\View->render('surat/dashboardsurat.php', [], true)
 5 APPPATH\Controllers\BerandaSurat.php(32): view('surat/dashboardsurat.php', [...])
 6 SYSTEMPATH\CodeIgniter.php(904): App\Controllers\BerandaSurat->index()
 7 SYSTEMPATH\CodeIgniter.php(457): CodeIgniter\CodeIgniter->runController(Object(App\Controllers\BerandaSurat))
 8 SYSTEMPATH\CodeIgniter.php(340): CodeIgniter\CodeIgniter->handleRequest(null, Object(Config\Cache), false)
 9 FCPATH\index.php(67): CodeIgniter\CodeIgniter->run()
CRITICAL - 2022-09-07 20:13:18 --> Undefined variable: surattugas
in APPPATH\Views\surat\dashboardsurat.php on line 118.
 1 APPPATH\Views\surat\dashboardsurat.php(118): CodeIgniter\Debug\Exceptions->errorHandler(8, 'Undefined variable: surattugas', 'APPPATH\\Views\\surat\\dashboardsurat.php', 118, [...])
 2 SYSTEMPATH\View\View.php(213): include('APPPATH\\Views\\surat\\dashboardsurat.php')
 3 SYSTEMPATH\View\View.php(216): CodeIgniter\View\View->CodeIgniter\View\{closure}()
 4 SYSTEMPATH\Common.php(1142): CodeIgniter\View\View->render('surat/dashboardsurat.php', [], true)
 5 APPPATH\Controllers\BerandaSurat.php(33): view('surat/dashboardsurat.php', [...])
 6 SYSTEMPATH\CodeIgniter.php(904): App\Controllers\BerandaSurat->index()
 7 SYSTEMPATH\CodeIgniter.php(457): CodeIgniter\CodeIgniter->runController(Object(App\Controllers\BerandaSurat))
 8 SYSTEMPATH\CodeIgniter.php(340): CodeIgniter\CodeIgniter->handleRequest(null, Object(Config\Cache), false)
 9 FCPATH\index.php(67): CodeIgniter\CodeIgniter->run()
CRITICAL - 2022-09-07 20:13:46 --> Undefined variable: surattugas
in APPPATH\Views\surat\dashboardsurat.php on line 118.
 1 APPPATH\Views\surat\dashboardsurat.php(118): CodeIgniter\Debug\Exceptions->errorHandler(8, 'Undefined variable: surattugas', 'APPPATH\\Views\\surat\\dashboardsurat.php', 118, [...])
 2 SYSTEMPATH\View\View.php(213): include('APPPATH\\Views\\surat\\dashboardsurat.php')
 3 SYSTEMPATH\View\View.php(216): CodeIgniter\View\View->CodeIgniter\View\{closure}()
 4 SYSTEMPATH\Common.php(1142): CodeIgniter\View\View->render('surat/dashboardsurat.php', [], true)
 5 APPPATH\Controllers\BerandaSurat.php(34): view('surat/dashboardsurat.php', [...])
 6 SYSTEMPATH\CodeIgniter.php(904): App\Controllers\BerandaSurat->index()
 7 SYSTEMPATH\CodeIgniter.php(457): CodeIgniter\CodeIgniter->runController(Object(App\Controllers\BerandaSurat))
 8 SYSTEMPATH\CodeIgniter.php(340): CodeIgniter\CodeIgniter->handleRequest(null, Object(Config\Cache), false)
 9 FCPATH\index.php(67): CodeIgniter\CodeIgniter->run()
CRITICAL - 2022-09-07 20:13:52 --> Undefined variable: surattugas
in APPPATH\Views\surat\dashboardsurat.php on line 118.
 1 APPPATH\Views\surat\dashboardsurat.php(118): CodeIgniter\Debug\Exceptions->errorHandler(8, 'Undefined variable: surattugas', 'APPPATH\\Views\\surat\\dashboardsurat.php', 118, [...])
 2 SYSTEMPATH\View\View.php(213): include('APPPATH\\Views\\surat\\dashboardsurat.php')
 3 SYSTEMPATH\View\View.php(216): CodeIgniter\View\View->CodeIgniter\View\{closure}()
 4 SYSTEMPATH\Common.php(1142): CodeIgniter\View\View->render('surat/dashboardsurat.php', [], true)
 5 APPPATH\Controllers\BerandaSurat.php(34): view('surat/dashboardsurat.php', [...])
 6 SYSTEMPATH\CodeIgniter.php(904): App\Controllers\BerandaSurat->index()
 7 SYSTEMPATH\CodeIgniter.php(457): CodeIgniter\CodeIgniter->runController(Object(App\Controllers\BerandaSurat))
 8 SYSTEMPATH\CodeIgniter.php(340): CodeIgniter\CodeIgniter->handleRequest(null, Object(Config\Cache), false)
 9 FCPATH\index.php(67): CodeIgniter\CodeIgniter->run()
