CRITICAL - 2022-09-11 22:12:19 --> Undefined index: tanggal_masuk
in APPPATH\Views\surat\dashboardsurat.php on line 124.
 1 APPPATH\Views\surat\dashboardsurat.php(124): CodeIgniter\Debug\Exceptions->errorHandler(8, 'Undefined index: tanggal_masuk', 'APPPATH\\Views\\surat\\dashboardsurat.php', 124, [...])
 2 SYSTEMPATH\View\View.php(213): include('APPPATH\\Views\\surat\\dashboardsurat.php')
 3 SYSTEMPATH\View\View.php(216): CodeIgniter\View\View->CodeIgniter\View\{closure}()
 4 SYSTEMPATH\Common.php(1142): CodeIgniter\View\View->render('surat/dashboardsurat.php', [], true)
 5 APPPATH\Controllers\BerandaSurat.php(34): view('surat/dashboardsurat.php', [...])
 6 SYSTEMPATH\CodeIgniter.php(904): App\Controllers\BerandaSurat->index()
 7 SYSTEMPATH\CodeIgniter.php(457): CodeIgniter\CodeIgniter->runController(Object(App\Controllers\BerandaSurat))
 8 SYSTEMPATH\CodeIgniter.php(340): CodeIgniter\CodeIgniter->handleRequest(null, Object(Config\Cache), false)
 9 FCPATH\index.php(67): CodeIgniter\CodeIgniter->run()
CRITICAL - 2022-09-11 22:20:33 --> Undefined index: tanggal_tugas
in APPPATH\Views\surat\dashboardsurat.php on line 124.
 1 APPPATH\Views\surat\dashboardsurat.php(124): CodeIgniter\Debug\Exceptions->errorHandler(8, 'Undefined index: tanggal_tugas', 'APPPATH\\Views\\surat\\dashboardsurat.php', 124, [...])
 2 SYSTEMPATH\View\View.php(213): include('APPPATH\\Views\\surat\\dashboardsurat.php')
 3 SYSTEMPATH\View\View.php(216): CodeIgniter\View\View->CodeIgniter\View\{closure}()
 4 SYSTEMPATH\Common.php(1142): CodeIgniter\View\View->render('surat/dashboardsurat.php', [], true)
 5 APPPATH\Controllers\BerandaSurat.php(34): view('surat/dashboardsurat.php', [...])
 6 SYSTEMPATH\CodeIgniter.php(904): App\Controllers\BerandaSurat->index()
 7 SYSTEMPATH\CodeIgniter.php(457): CodeIgniter\CodeIgniter->runController(Object(App\Controllers\BerandaSurat))
 8 SYSTEMPATH\CodeIgniter.php(340): CodeIgniter\CodeIgniter->handleRequest(null, Object(Config\Cache), false)
 9 FCPATH\index.php(67): CodeIgniter\CodeIgniter->run()
CRITICAL - 2022-09-11 22:20:35 --> Undefined index: tanggal_tugas
in APPPATH\Views\surat\dashboardsurat.php on line 124.
 1 APPPATH\Views\surat\dashboardsurat.php(124): CodeIgniter\Debug\Exceptions->errorHandler(8, 'Undefined index: tanggal_tugas', 'APPPATH\\Views\\surat\\dashboardsurat.php', 124, [...])
 2 SYSTEMPATH\View\View.php(213): include('APPPATH\\Views\\surat\\dashboardsurat.php')
 3 SYSTEMPATH\View\View.php(216): CodeIgniter\View\View->CodeIgniter\View\{closure}()
 4 SYSTEMPATH\Common.php(1142): CodeIgniter\View\View->render('surat/dashboardsurat.php', [], true)
 5 APPPATH\Controllers\BerandaSurat.php(34): view('surat/dashboardsurat.php', [...])
 6 SYSTEMPATH\CodeIgniter.php(904): App\Controllers\BerandaSurat->index()
 7 SYSTEMPATH\CodeIgniter.php(457): CodeIgniter\CodeIgniter->runController(Object(App\Controllers\BerandaSurat))
 8 SYSTEMPATH\CodeIgniter.php(340): CodeIgniter\CodeIgniter->handleRequest(null, Object(Config\Cache), false)
 9 FCPATH\index.php(67): CodeIgniter\CodeIgniter->run()
CRITICAL - 2022-09-11 22:20:36 --> Undefined index: tanggal_tugas
in APPPATH\Views\surat\dashboardsurat.php on line 124.
 1 APPPATH\Views\surat\dashboardsurat.php(124): CodeIgniter\Debug\Exceptions->errorHandler(8, 'Undefined index: tanggal_tugas', 'APPPATH\\Views\\surat\\dashboardsurat.php', 124, [...])
 2 SYSTEMPATH\View\View.php(213): include('APPPATH\\Views\\surat\\dashboardsurat.php')
 3 SYSTEMPATH\View\View.php(216): CodeIgniter\View\View->CodeIgniter\View\{closure}()
 4 SYSTEMPATH\Common.php(1142): CodeIgniter\View\View->render('surat/dashboardsurat.php', [], true)
 5 APPPATH\Controllers\BerandaSurat.php(34): view('surat/dashboardsurat.php', [...])
 6 SYSTEMPATH\CodeIgniter.php(904): App\Controllers\BerandaSurat->index()
 7 SYSTEMPATH\CodeIgniter.php(457): CodeIgniter\CodeIgniter->runController(Object(App\Controllers\BerandaSurat))
 8 SYSTEMPATH\CodeIgniter.php(340): CodeIgniter\CodeIgniter->handleRequest(null, Object(Config\Cache), false)
 9 FCPATH\index.php(67): CodeIgniter\CodeIgniter->run()
CRITICAL - 2022-09-11 22:20:36 --> Undefined index: tanggal_tugas
in APPPATH\Views\surat\dashboardsurat.php on line 124.
 1 APPPATH\Views\surat\dashboardsurat.php(124): CodeIgniter\Debug\Exceptions->errorHandler(8, 'Undefined index: tanggal_tugas', 'APPPATH\\Views\\surat\\dashboardsurat.php', 124, [...])
 2 SYSTEMPATH\View\View.php(213): include('APPPATH\\Views\\surat\\dashboardsurat.php')
 3 SYSTEMPATH\View\View.php(216): CodeIgniter\View\View->CodeIgniter\View\{closure}()
 4 SYSTEMPATH\Common.php(1142): CodeIgniter\View\View->render('surat/dashboardsurat.php', [], true)
 5 APPPATH\Controllers\BerandaSurat.php(34): view('surat/dashboardsurat.php', [...])
 6 SYSTEMPATH\CodeIgniter.php(904): App\Controllers\BerandaSurat->index()
 7 SYSTEMPATH\CodeIgniter.php(457): CodeIgniter\CodeIgniter->runController(Object(App\Controllers\BerandaSurat))
 8 SYSTEMPATH\CodeIgniter.php(340): CodeIgniter\CodeIgniter->handleRequest(null, Object(Config\Cache), false)
 9 FCPATH\index.php(67): CodeIgniter\CodeIgniter->run()
CRITICAL - 2022-09-11 22:20:37 --> Undefined index: tanggal_tugas
in APPPATH\Views\surat\dashboardsurat.php on line 124.
 1 APPPATH\Views\surat\dashboardsurat.php(124): CodeIgniter\Debug\Exceptions->errorHandler(8, 'Undefined index: tanggal_tugas', 'APPPATH\\Views\\surat\\dashboardsurat.php', 124, [...])
 2 SYSTEMPATH\View\View.php(213): include('APPPATH\\Views\\surat\\dashboardsurat.php')
 3 SYSTEMPATH\View\View.php(216): CodeIgniter\View\View->CodeIgniter\View\{closure}()
 4 SYSTEMPATH\Common.php(1142): CodeIgniter\View\View->render('surat/dashboardsurat.php', [], true)
 5 APPPATH\Controllers\BerandaSurat.php(34): view('surat/dashboardsurat.php', [...])
 6 SYSTEMPATH\CodeIgniter.php(904): App\Controllers\BerandaSurat->index()
 7 SYSTEMPATH\CodeIgniter.php(457): CodeIgniter\CodeIgniter->runController(Object(App\Controllers\BerandaSurat))
 8 SYSTEMPATH\CodeIgniter.php(340): CodeIgniter\CodeIgniter->handleRequest(null, Object(Config\Cache), false)
 9 FCPATH\index.php(67): CodeIgniter\CodeIgniter->run()
CRITICAL - 2022-09-11 22:20:37 --> Undefined index: tanggal_tugas
in APPPATH\Views\surat\dashboardsurat.php on line 124.
 1 APPPATH\Views\surat\dashboardsurat.php(124): CodeIgniter\Debug\Exceptions->errorHandler(8, 'Undefined index: tanggal_tugas', 'APPPATH\\Views\\surat\\dashboardsurat.php', 124, [...])
 2 SYSTEMPATH\View\View.php(213): include('APPPATH\\Views\\surat\\dashboardsurat.php')
 3 SYSTEMPATH\View\View.php(216): CodeIgniter\View\View->CodeIgniter\View\{closure}()
 4 SYSTEMPATH\Common.php(1142): CodeIgniter\View\View->render('surat/dashboardsurat.php', [], true)
 5 APPPATH\Controllers\BerandaSurat.php(34): view('surat/dashboardsurat.php', [...])
 6 SYSTEMPATH\CodeIgniter.php(904): App\Controllers\BerandaSurat->index()
 7 SYSTEMPATH\CodeIgniter.php(457): CodeIgniter\CodeIgniter->runController(Object(App\Controllers\BerandaSurat))
 8 SYSTEMPATH\CodeIgniter.php(340): CodeIgniter\CodeIgniter->handleRequest(null, Object(Config\Cache), false)
 9 FCPATH\index.php(67): CodeIgniter\CodeIgniter->run()
CRITICAL - 2022-09-11 22:22:13 --> Undefined index: tanggal_masuk
in APPPATH\Views\surat\surattugas\indexsurattugas.php on line 37.
 1 APPPATH\Views\surat\surattugas\indexsurattugas.php(37): CodeIgniter\Debug\Exceptions->errorHandler(8, 'Undefined index: tanggal_masuk', 'APPPATH\\Views\\surat\\surattugas\\indexsurattugas.php', 37, [...])
 2 SYSTEMPATH\View\View.php(213): include('APPPATH\\Views\\surat\\surattugas\\indexsurattugas.php')
 3 SYSTEMPATH\View\View.php(216): CodeIgniter\View\View->CodeIgniter\View\{closure}()
 4 SYSTEMPATH\Common.php(1142): CodeIgniter\View\View->render('surat/surattugas/indexsurattugas.php', [], true)
 5 APPPATH\Controllers\SuratTugas.php(31): view('surat/surattugas/indexsurattugas.php', [...])
 6 SYSTEMPATH\CodeIgniter.php(904): App\Controllers\SuratTugas->index()
 7 SYSTEMPATH\CodeIgniter.php(457): CodeIgniter\CodeIgniter->runController(Object(App\Controllers\SuratTugas))
 8 SYSTEMPATH\CodeIgniter.php(340): CodeIgniter\CodeIgniter->handleRequest(null, Object(Config\Cache), false)
 9 FCPATH\index.php(67): CodeIgniter\CodeIgniter->run()
CRITICAL - 2022-09-11 22:22:16 --> Undefined index: tanggal_masuk
in APPPATH\Views\surat\surattugas\indexsurattugas.php on line 37.
 1 APPPATH\Views\surat\surattugas\indexsurattugas.php(37): CodeIgniter\Debug\Exceptions->errorHandler(8, 'Undefined index: tanggal_masuk', 'APPPATH\\Views\\surat\\surattugas\\indexsurattugas.php', 37, [...])
 2 SYSTEMPATH\View\View.php(213): include('APPPATH\\Views\\surat\\surattugas\\indexsurattugas.php')
 3 SYSTEMPATH\View\View.php(216): CodeIgniter\View\View->CodeIgniter\View\{closure}()
 4 SYSTEMPATH\Common.php(1142): CodeIgniter\View\View->render('surat/surattugas/indexsurattugas.php', [], true)
 5 APPPATH\Controllers\SuratTugas.php(31): view('surat/surattugas/indexsurattugas.php', [...])
 6 SYSTEMPATH\CodeIgniter.php(904): App\Controllers\SuratTugas->index()
 7 SYSTEMPATH\CodeIgniter.php(457): CodeIgniter\CodeIgniter->runController(Object(App\Controllers\SuratTugas))
 8 SYSTEMPATH\CodeIgniter.php(340): CodeIgniter\CodeIgniter->handleRequest(null, Object(Config\Cache), false)
 9 FCPATH\index.php(67): CodeIgniter\CodeIgniter->run()
CRITICAL - 2022-09-11 22:22:24 --> Undefined index: tanggal_masuk
in APPPATH\Views\surat\surattugas\indexsurattugas.php on line 37.
 1 APPPATH\Views\surat\surattugas\indexsurattugas.php(37): CodeIgniter\Debug\Exceptions->errorHandler(8, 'Undefined index: tanggal_masuk', 'APPPATH\\Views\\surat\\surattugas\\indexsurattugas.php', 37, [...])
 2 SYSTEMPATH\View\View.php(213): include('APPPATH\\Views\\surat\\surattugas\\indexsurattugas.php')
 3 SYSTEMPATH\View\View.php(216): CodeIgniter\View\View->CodeIgniter\View\{closure}()
 4 SYSTEMPATH\Common.php(1142): CodeIgniter\View\View->render('surat/surattugas/indexsurattugas.php', [], true)
 5 APPPATH\Controllers\SuratTugas.php(31): view('surat/surattugas/indexsurattugas.php', [...])
 6 SYSTEMPATH\CodeIgniter.php(904): App\Controllers\SuratTugas->index()
 7 SYSTEMPATH\CodeIgniter.php(457): CodeIgniter\CodeIgniter->runController(Object(App\Controllers\SuratTugas))
 8 SYSTEMPATH\CodeIgniter.php(340): CodeIgniter\CodeIgniter->handleRequest(null, Object(Config\Cache), false)
 9 FCPATH\index.php(67): CodeIgniter\CodeIgniter->run()
CRITICAL - 2022-09-11 22:22:25 --> Undefined index: tanggal_masuk
in APPPATH\Views\surat\surattugas\indexsurattugas.php on line 37.
 1 APPPATH\Views\surat\surattugas\indexsurattugas.php(37): CodeIgniter\Debug\Exceptions->errorHandler(8, 'Undefined index: tanggal_masuk', 'APPPATH\\Views\\surat\\surattugas\\indexsurattugas.php', 37, [...])
 2 SYSTEMPATH\View\View.php(213): include('APPPATH\\Views\\surat\\surattugas\\indexsurattugas.php')
 3 SYSTEMPATH\View\View.php(216): CodeIgniter\View\View->CodeIgniter\View\{closure}()
 4 SYSTEMPATH\Common.php(1142): CodeIgniter\View\View->render('surat/surattugas/indexsurattugas.php', [], true)
 5 APPPATH\Controllers\SuratTugas.php(31): view('surat/surattugas/indexsurattugas.php', [...])
 6 SYSTEMPATH\CodeIgniter.php(904): App\Controllers\SuratTugas->index()
 7 SYSTEMPATH\CodeIgniter.php(457): CodeIgniter\CodeIgniter->runController(Object(App\Controllers\SuratTugas))
 8 SYSTEMPATH\CodeIgniter.php(340): CodeIgniter\CodeIgniter->handleRequest(null, Object(Config\Cache), false)
 9 FCPATH\index.php(67): CodeIgniter\CodeIgniter->run()
CRITICAL - 2022-09-11 22:22:25 --> Undefined index: tanggal_masuk
in APPPATH\Views\surat\surattugas\indexsurattugas.php on line 37.
 1 APPPATH\Views\surat\surattugas\indexsurattugas.php(37): CodeIgniter\Debug\Exceptions->errorHandler(8, 'Undefined index: tanggal_masuk', 'APPPATH\\Views\\surat\\surattugas\\indexsurattugas.php', 37, [...])
 2 SYSTEMPATH\View\View.php(213): include('APPPATH\\Views\\surat\\surattugas\\indexsurattugas.php')
 3 SYSTEMPATH\View\View.php(216): CodeIgniter\View\View->CodeIgniter\View\{closure}()
 4 SYSTEMPATH\Common.php(1142): CodeIgniter\View\View->render('surat/surattugas/indexsurattugas.php', [], true)
 5 APPPATH\Controllers\SuratTugas.php(31): view('surat/surattugas/indexsurattugas.php', [...])
 6 SYSTEMPATH\CodeIgniter.php(904): App\Controllers\SuratTugas->index()
 7 SYSTEMPATH\CodeIgniter.php(457): CodeIgniter\CodeIgniter->runController(Object(App\Controllers\SuratTugas))
 8 SYSTEMPATH\CodeIgniter.php(340): CodeIgniter\CodeIgniter->handleRequest(null, Object(Config\Cache), false)
 9 FCPATH\index.php(67): CodeIgniter\CodeIgniter->run()
CRITICAL - 2022-09-11 22:22:25 --> Undefined index: tanggal_masuk
in APPPATH\Views\surat\surattugas\indexsurattugas.php on line 37.
 1 APPPATH\Views\surat\surattugas\indexsurattugas.php(37): CodeIgniter\Debug\Exceptions->errorHandler(8, 'Undefined index: tanggal_masuk', 'APPPATH\\Views\\surat\\surattugas\\indexsurattugas.php', 37, [...])
 2 SYSTEMPATH\View\View.php(213): include('APPPATH\\Views\\surat\\surattugas\\indexsurattugas.php')
 3 SYSTEMPATH\View\View.php(216): CodeIgniter\View\View->CodeIgniter\View\{closure}()
 4 SYSTEMPATH\Common.php(1142): CodeIgniter\View\View->render('surat/surattugas/indexsurattugas.php', [], true)
 5 APPPATH\Controllers\SuratTugas.php(31): view('surat/surattugas/indexsurattugas.php', [...])
 6 SYSTEMPATH\CodeIgniter.php(904): App\Controllers\SuratTugas->index()
 7 SYSTEMPATH\CodeIgniter.php(457): CodeIgniter\CodeIgniter->runController(Object(App\Controllers\SuratTugas))
 8 SYSTEMPATH\CodeIgniter.php(340): CodeIgniter\CodeIgniter->handleRequest(null, Object(Config\Cache), false)
 9 FCPATH\index.php(67): CodeIgniter\CodeIgniter->run()
CRITICAL - 2022-09-11 22:22:25 --> Undefined index: tanggal_masuk
in APPPATH\Views\surat\surattugas\indexsurattugas.php on line 37.
 1 APPPATH\Views\surat\surattugas\indexsurattugas.php(37): CodeIgniter\Debug\Exceptions->errorHandler(8, 'Undefined index: tanggal_masuk', 'APPPATH\\Views\\surat\\surattugas\\indexsurattugas.php', 37, [...])
 2 SYSTEMPATH\View\View.php(213): include('APPPATH\\Views\\surat\\surattugas\\indexsurattugas.php')
 3 SYSTEMPATH\View\View.php(216): CodeIgniter\View\View->CodeIgniter\View\{closure}()
 4 SYSTEMPATH\Common.php(1142): CodeIgniter\View\View->render('surat/surattugas/indexsurattugas.php', [], true)
 5 APPPATH\Controllers\SuratTugas.php(31): view('surat/surattugas/indexsurattugas.php', [...])
 6 SYSTEMPATH\CodeIgniter.php(904): App\Controllers\SuratTugas->index()
 7 SYSTEMPATH\CodeIgniter.php(457): CodeIgniter\CodeIgniter->runController(Object(App\Controllers\SuratTugas))
 8 SYSTEMPATH\CodeIgniter.php(340): CodeIgniter\CodeIgniter->handleRequest(null, Object(Config\Cache), false)
 9 FCPATH\index.php(67): CodeIgniter\CodeIgniter->run()
ERROR - 2022-09-11 22:27:41 --> mysqli_sql_exception: Unknown column 'tanggal_masuk' in 'field list' in C:\xampp\htdocs\sisuar\system\Database\MySQLi\Connection.php:292
Stack trace:
#0 C:\xampp\htdocs\sisuar\system\Database\MySQLi\Connection.php(292): mysqli->query('INSERT INTO `su...', 0)
#1 C:\xampp\htdocs\sisuar\system\Database\BaseConnection.php(693): CodeIgniter\Database\MySQLi\Connection->execute('INSERT INTO `su...')
#2 C:\xampp\htdocs\sisuar\system\Database\BaseConnection.php(620): CodeIgniter\Database\BaseConnection->simpleQuery('INSERT INTO `su...')
#3 C:\xampp\htdocs\sisuar\system\Database\BaseBuilder.php(1916): CodeIgniter\Database\BaseConnection->query('INSERT INTO `su...', Array, false)
#4 C:\xampp\htdocs\sisuar\system\Model.php(279): CodeIgniter\Database\BaseBuilder->insert()
#5 C:\xampp\htdocs\sisuar\system\BaseModel.php(738): CodeIgniter\Model->doInsert(Array)
#6 C:\xampp\htdocs\sisuar\system\Model.php(667): CodeIgniter\BaseModel->insert(Array, false)
#7 C:\xampp\htdocs\sisuar\system\BaseModel.php(658): CodeIgniter\Model->insert(Array, false)
#8 C:\xampp\htdocs\sisuar\app\Controllers\SuratTugas.php(45): CodeIgniter\BaseModel->save(Array)
#9 C:\xampp\htdocs\sisuar\system\CodeIgniter.php(904): App\Controllers\SuratTugas->tambahSuratTugas()
#10 C:\xampp\htdocs\sisuar\system\CodeIgniter.php(457): CodeIgniter\CodeIgniter->runController(Object(App\Controllers\SuratTugas))
#11 C:\xampp\htdocs\sisuar\system\CodeIgniter.php(340): CodeIgniter\CodeIgniter->handleRequest(NULL, Object(Config\Cache), false)
#12 C:\xampp\htdocs\sisuar\public\index.php(67): CodeIgniter\CodeIgniter->run()
#13 {main}
CRITICAL - 2022-09-11 22:27:41 --> Unknown column 'tanggal_masuk' in 'field list'
in SYSTEMPATH\Database\MySQLi\Connection.php on line 292.
 1 SYSTEMPATH\Database\MySQLi\Connection.php(292): mysqli->query('INSERT INTO `surat_Tugas` (`no_surat`, `asal_surat`, `tujuan_surat`, `perihal`, `tanggal_masuk`, `ket_surat`, `file`) VALUES (\'BGG23\', \'\', \'Himkom\', \'Proposal\', \'2022-09-09\', \'Ya\', \'-\')', 0)
 2 SYSTEMPATH\Database\BaseConnection.php(693): CodeIgniter\Database\MySQLi\Connection->execute('INSERT INTO `surat_Tugas` (`no_surat`, `asal_surat`, `tujuan_surat`, `perihal`, `tanggal_masuk`, `ket_surat`, `file`) VALUES (\'BGG23\', \'\', \'Himkom\', \'Proposal\', \'2022-09-09\', \'Ya\', \'-\')')
 3 SYSTEMPATH\Database\BaseConnection.php(620): CodeIgniter\Database\BaseConnection->simpleQuery('INSERT INTO `surat_Tugas` (`no_surat`, `asal_surat`, `tujuan_surat`, `perihal`, `tanggal_masuk`, `ket_surat`, `file`) VALUES (\'BGG23\', \'\', \'Himkom\', \'Proposal\', \'2022-09-09\', \'Ya\', \'-\')')
 4 SYSTEMPATH\Database\BaseBuilder.php(1916): CodeIgniter\Database\BaseConnection->query('INSERT INTO `surat_Tugas` (`no_surat`, `asal_surat`, `tujuan_surat`, `perihal`, `tanggal_masuk`, `ket_surat`, `file`) VALUES (:no_surat:, :asal_surat:, :tujuan_surat:, :perihal:, :tanggal_masuk:, :ket_surat:, :file:)', [...], false)
 5 SYSTEMPATH\Model.php(279): CodeIgniter\Database\BaseBuilder->insert()
 6 SYSTEMPATH\BaseModel.php(738): CodeIgniter\Model->doInsert([...])
 7 SYSTEMPATH\Model.php(667): CodeIgniter\BaseModel->insert([...], false)
 8 SYSTEMPATH\BaseModel.php(658): CodeIgniter\Model->insert([...], false)
 9 APPPATH\Controllers\SuratTugas.php(45): CodeIgniter\BaseModel->save([...])
10 SYSTEMPATH\CodeIgniter.php(904): App\Controllers\SuratTugas->tambahSuratTugas()
11 SYSTEMPATH\CodeIgniter.php(457): CodeIgniter\CodeIgniter->runController(Object(App\Controllers\SuratTugas))
12 SYSTEMPATH\CodeIgniter.php(340): CodeIgniter\CodeIgniter->handleRequest(null, Object(Config\Cache), false)
13 FCPATH\index.php(67): CodeIgniter\CodeIgniter->run()
ERROR - 2022-09-11 22:29:51 --> mysqli_sql_exception: Column 'tanggal_tugas' cannot be null in C:\xampp\htdocs\sisuar\system\Database\MySQLi\Connection.php:292
Stack trace:
#0 C:\xampp\htdocs\sisuar\system\Database\MySQLi\Connection.php(292): mysqli->query('INSERT INTO `su...', 0)
#1 C:\xampp\htdocs\sisuar\system\Database\BaseConnection.php(693): CodeIgniter\Database\MySQLi\Connection->execute('INSERT INTO `su...')
#2 C:\xampp\htdocs\sisuar\system\Database\BaseConnection.php(620): CodeIgniter\Database\BaseConnection->simpleQuery('INSERT INTO `su...')
#3 C:\xampp\htdocs\sisuar\system\Database\BaseBuilder.php(1916): CodeIgniter\Database\BaseConnection->query('INSERT INTO `su...', Array, false)
#4 C:\xampp\htdocs\sisuar\system\Model.php(279): CodeIgniter\Database\BaseBuilder->insert()
#5 C:\xampp\htdocs\sisuar\system\BaseModel.php(738): CodeIgniter\Model->doInsert(Array)
#6 C:\xampp\htdocs\sisuar\system\Model.php(667): CodeIgniter\BaseModel->insert(Array, false)
#7 C:\xampp\htdocs\sisuar\system\BaseModel.php(658): CodeIgniter\Model->insert(Array, false)
#8 C:\xampp\htdocs\sisuar\app\Controllers\SuratTugas.php(45): CodeIgniter\BaseModel->save(Array)
#9 C:\xampp\htdocs\sisuar\system\CodeIgniter.php(904): App\Controllers\SuratTugas->tambahSuratTugas()
#10 C:\xampp\htdocs\sisuar\system\CodeIgniter.php(457): CodeIgniter\CodeIgniter->runController(Object(App\Controllers\SuratTugas))
#11 C:\xampp\htdocs\sisuar\system\CodeIgniter.php(340): CodeIgniter\CodeIgniter->handleRequest(NULL, Object(Config\Cache), false)
#12 C:\xampp\htdocs\sisuar\public\index.php(67): CodeIgniter\CodeIgniter->run()
#13 {main}
CRITICAL - 2022-09-11 22:29:51 --> Column 'tanggal_tugas' cannot be null
in SYSTEMPATH\Database\MySQLi\Connection.php on line 292.
 1 SYSTEMPATH\Database\MySQLi\Connection.php(292): mysqli->query('INSERT INTO `surat_Tugas` (`no_surat`, `asal_surat`, `tujuan_surat`, `perihal`, `tanggal_tugas`, `ket_surat`, `file`) VALUES (\'21212\', \'BJM\', \'Himkom\', \'Proposal\', NULL, \'Ya\', \'-\')', 0)
 2 SYSTEMPATH\Database\BaseConnection.php(693): CodeIgniter\Database\MySQLi\Connection->execute('INSERT INTO `surat_Tugas` (`no_surat`, `asal_surat`, `tujuan_surat`, `perihal`, `tanggal_tugas`, `ket_surat`, `file`) VALUES (\'21212\', \'BJM\', \'Himkom\', \'Proposal\', NULL, \'Ya\', \'-\')')
 3 SYSTEMPATH\Database\BaseConnection.php(620): CodeIgniter\Database\BaseConnection->simpleQuery('INSERT INTO `surat_Tugas` (`no_surat`, `asal_surat`, `tujuan_surat`, `perihal`, `tanggal_tugas`, `ket_surat`, `file`) VALUES (\'21212\', \'BJM\', \'Himkom\', \'Proposal\', NULL, \'Ya\', \'-\')')
 4 SYSTEMPATH\Database\BaseBuilder.php(1916): CodeIgniter\Database\BaseConnection->query('INSERT INTO `surat_Tugas` (`no_surat`, `asal_surat`, `tujuan_surat`, `perihal`, `tanggal_tugas`, `ket_surat`, `file`) VALUES (:no_surat:, :asal_surat:, :tujuan_surat:, :perihal:, :tanggal_tugas:, :ket_surat:, :file:)', [...], false)
 5 SYSTEMPATH\Model.php(279): CodeIgniter\Database\BaseBuilder->insert()
 6 SYSTEMPATH\BaseModel.php(738): CodeIgniter\Model->doInsert([...])
 7 SYSTEMPATH\Model.php(667): CodeIgniter\BaseModel->insert([...], false)
 8 SYSTEMPATH\BaseModel.php(658): CodeIgniter\Model->insert([...], false)
 9 APPPATH\Controllers\SuratTugas.php(45): CodeIgniter\BaseModel->save([...])
10 SYSTEMPATH\CodeIgniter.php(904): App\Controllers\SuratTugas->tambahSuratTugas()
11 SYSTEMPATH\CodeIgniter.php(457): CodeIgniter\CodeIgniter->runController(Object(App\Controllers\SuratTugas))
12 SYSTEMPATH\CodeIgniter.php(340): CodeIgniter\CodeIgniter->handleRequest(null, Object(Config\Cache), false)
13 FCPATH\index.php(67): CodeIgniter\CodeIgniter->run()
