CRITICAL - 2022-09-01 20:21:12 --> Invalid file: layout/templateAdmin.php
in SYSTEMPATH\Exceptions\FrameworkException.php on line 33.
 1 SYSTEMPATH\View\View.php(201): CodeIgniter\Exceptions\FrameworkException::forInvalidFile('layout/templateAdmin.php')
 2 SYSTEMPATH\View\View.php(229): CodeIgniter\View\View->render('layout/templateAdmin', [], true)
 3 SYSTEMPATH\Common.php(1142): CodeIgniter\View\View->render('surat/dashboard.php', [], true)
 4 APPPATH\Controllers\Home.php(9): view('surat/dashboard.php')
 5 SYSTEMPATH\CodeIgniter.php(904): App\Controllers\Home->index()
 6 SYSTEMPATH\CodeIgniter.php(457): CodeIgniter\CodeIgniter->runController(Object(App\Controllers\Home))
 7 SYSTEMPATH\CodeIgniter.php(340): CodeIgniter\CodeIgniter->handleRequest(null, Object(Config\Cache), false)
 8 FCPATH\index.php(67): CodeIgniter\CodeIgniter->run()
CRITICAL - 2022-09-01 20:21:37 --> Invalid file: layout/templateAdmin.php
in SYSTEMPATH\Exceptions\FrameworkException.php on line 33.
 1 SYSTEMPATH\View\View.php(201): CodeIgniter\Exceptions\FrameworkException::forInvalidFile('layout/templateAdmin.php')
 2 SYSTEMPATH\View\View.php(229): CodeIgniter\View\View->render('layout/templateAdmin', [], true)
 3 SYSTEMPATH\Common.php(1142): CodeIgniter\View\View->render('surat/dashboard.php', [], true)
 4 APPPATH\Controllers\Home.php(9): view('surat/dashboard.php')
 5 SYSTEMPATH\CodeIgniter.php(904): App\Controllers\Home->index()
 6 SYSTEMPATH\CodeIgniter.php(457): CodeIgniter\CodeIgniter->runController(Object(App\Controllers\Home))
 7 SYSTEMPATH\CodeIgniter.php(340): CodeIgniter\CodeIgniter->handleRequest(null, Object(Config\Cache), false)
 8 FCPATH\index.php(67): CodeIgniter\CodeIgniter->run()
CRITICAL - 2022-09-01 20:22:42 --> Invalid file: layout/templateAdmin.php
in SYSTEMPATH\Exceptions\FrameworkException.php on line 33.
 1 SYSTEMPATH\View\View.php(201): CodeIgniter\Exceptions\FrameworkException::forInvalidFile('layout/templateAdmin.php')
 2 SYSTEMPATH\View\View.php(229): CodeIgniter\View\View->render('layout/templateAdmin', [], true)
 3 SYSTEMPATH\Common.php(1142): CodeIgniter\View\View->render('surat/dashboard.php', [], true)
 4 APPPATH\Controllers\Home.php(9): view('surat/dashboard.php')
 5 SYSTEMPATH\CodeIgniter.php(904): App\Controllers\Home->index()
 6 SYSTEMPATH\CodeIgniter.php(457): CodeIgniter\CodeIgniter->runController(Object(App\Controllers\Home))
 7 SYSTEMPATH\CodeIgniter.php(340): CodeIgniter\CodeIgniter->handleRequest(null, Object(Config\Cache), false)
 8 FCPATH\index.php(67): CodeIgniter\CodeIgniter->run()
CRITICAL - 2022-09-01 20:22:43 --> Invalid file: layout/templateAdmin.php
in SYSTEMPATH\Exceptions\FrameworkException.php on line 33.
 1 SYSTEMPATH\View\View.php(201): CodeIgniter\Exceptions\FrameworkException::forInvalidFile('layout/templateAdmin.php')
 2 SYSTEMPATH\View\View.php(229): CodeIgniter\View\View->render('layout/templateAdmin', [], true)
 3 SYSTEMPATH\Common.php(1142): CodeIgniter\View\View->render('surat/dashboard.php', [], true)
 4 APPPATH\Controllers\Home.php(9): view('surat/dashboard.php')
 5 SYSTEMPATH\CodeIgniter.php(904): App\Controllers\Home->index()
 6 SYSTEMPATH\CodeIgniter.php(457): CodeIgniter\CodeIgniter->runController(Object(App\Controllers\Home))
 7 SYSTEMPATH\CodeIgniter.php(340): CodeIgniter\CodeIgniter->handleRequest(null, Object(Config\Cache), false)
 8 FCPATH\index.php(67): CodeIgniter\CodeIgniter->run()
CRITICAL - 2022-09-01 20:23:34 --> Invalid file: layout/templateAdmin.php
in SYSTEMPATH\Exceptions\FrameworkException.php on line 33.
 1 SYSTEMPATH\View\View.php(201): CodeIgniter\Exceptions\FrameworkException::forInvalidFile('layout/templateAdmin.php')
 2 SYSTEMPATH\View\View.php(229): CodeIgniter\View\View->render('layout/templateAdmin', [], true)
 3 SYSTEMPATH\Common.php(1142): CodeIgniter\View\View->render('surat/dashboard.php', [], true)
 4 APPPATH\Controllers\Home.php(9): view('surat/dashboard.php')
 5 SYSTEMPATH\CodeIgniter.php(904): App\Controllers\Home->index()
 6 SYSTEMPATH\CodeIgniter.php(457): CodeIgniter\CodeIgniter->runController(Object(App\Controllers\Home))
 7 SYSTEMPATH\CodeIgniter.php(340): CodeIgniter\CodeIgniter->handleRequest(null, Object(Config\Cache), false)
 8 FCPATH\index.php(67): CodeIgniter\CodeIgniter->run()
CRITICAL - 2022-09-01 20:23:36 --> Invalid file: layout/templateAdmin.php
in SYSTEMPATH\Exceptions\FrameworkException.php on line 33.
 1 SYSTEMPATH\View\View.php(201): CodeIgniter\Exceptions\FrameworkException::forInvalidFile('layout/templateAdmin.php')
 2 SYSTEMPATH\View\View.php(229): CodeIgniter\View\View->render('layout/templateAdmin', [], true)
 3 SYSTEMPATH\Common.php(1142): CodeIgniter\View\View->render('surat/dashboard.php', [], true)
 4 APPPATH\Controllers\Home.php(9): view('surat/dashboard.php')
 5 SYSTEMPATH\CodeIgniter.php(904): App\Controllers\Home->index()
 6 SYSTEMPATH\CodeIgniter.php(457): CodeIgniter\CodeIgniter->runController(Object(App\Controllers\Home))
 7 SYSTEMPATH\CodeIgniter.php(340): CodeIgniter\CodeIgniter->handleRequest(null, Object(Config\Cache), false)
 8 FCPATH\index.php(67): CodeIgniter\CodeIgniter->run()
CRITICAL - 2022-09-01 20:28:14 --> Invalid file: layout/templateAdmin.php
in SYSTEMPATH\Exceptions\FrameworkException.php on line 33.
 1 SYSTEMPATH\View\View.php(201): CodeIgniter\Exceptions\FrameworkException::forInvalidFile('layout/templateAdmin.php')
 2 SYSTEMPATH\View\View.php(229): CodeIgniter\View\View->render('layout/templateAdmin', [], true)
 3 SYSTEMPATH\Common.php(1142): CodeIgniter\View\View->render('surat/dashboard.php', [], true)
 4 APPPATH\Controllers\Home.php(9): view('surat/dashboard.php')
 5 SYSTEMPATH\CodeIgniter.php(904): App\Controllers\Home->index()
 6 SYSTEMPATH\CodeIgniter.php(457): CodeIgniter\CodeIgniter->runController(Object(App\Controllers\Home))
 7 SYSTEMPATH\CodeIgniter.php(340): CodeIgniter\CodeIgniter->handleRequest(null, Object(Config\Cache), false)
 8 FCPATH\index.php(67): CodeIgniter\CodeIgniter->run()
CRITICAL - 2022-09-01 20:29:42 --> Undefined variable: title
in APPPATH\Views\layout\templateAdmin.php on line 20.
 1 APPPATH\Views\layout\templateAdmin.php(20): CodeIgniter\Debug\Exceptions->errorHandler(8, 'Undefined variable: title', 'APPPATH\\Views\\layout\\templateAdmin.php', 20, [])
 2 SYSTEMPATH\View\View.php(213): include('APPPATH\\Views\\layout\\templateAdmin.php')
 3 SYSTEMPATH\View\View.php(216): CodeIgniter\View\View->CodeIgniter\View\{closure}()
 4 SYSTEMPATH\View\View.php(229): CodeIgniter\View\View->render('layout/templateAdmin', [], true)
 5 SYSTEMPATH\Common.php(1142): CodeIgniter\View\View->render('surat/dashboard.php', [], true)
 6 APPPATH\Controllers\Home.php(9): view('surat/dashboard.php')
 7 SYSTEMPATH\CodeIgniter.php(904): App\Controllers\Home->index()
 8 SYSTEMPATH\CodeIgniter.php(457): CodeIgniter\CodeIgniter->runController(Object(App\Controllers\Home))
 9 SYSTEMPATH\CodeIgniter.php(340): CodeIgniter\CodeIgniter->handleRequest(null, Object(Config\Cache), false)
10 FCPATH\index.php(67): CodeIgniter\CodeIgniter->run()
CRITICAL - 2022-09-01 21:36:02 --> Undefined variable: konten
in APPPATH\Views\surat\dashboard.php on line 4.
 1 APPPATH\Views\surat\dashboard.php(4): CodeIgniter\Debug\Exceptions->errorHandler(8, 'Undefined variable: konten', 'APPPATH\\Views\\surat\\dashboard.php', 4, [...])
 2 SYSTEMPATH\View\View.php(213): include('APPPATH\\Views\\surat\\dashboard.php')
 3 SYSTEMPATH\View\View.php(216): CodeIgniter\View\View->CodeIgniter\View\{closure}()
 4 SYSTEMPATH\Common.php(1142): CodeIgniter\View\View->render('surat/dashboard.php', [], true)
 5 APPPATH\Controllers\Home.php(13): view('surat/dashboard.php', [...])
 6 SYSTEMPATH\CodeIgniter.php(904): App\Controllers\Home->index()
 7 SYSTEMPATH\CodeIgniter.php(457): CodeIgniter\CodeIgniter->runController(Object(App\Controllers\Home))
 8 SYSTEMPATH\CodeIgniter.php(340): CodeIgniter\CodeIgniter->handleRequest(null, Object(Config\Cache), false)
 9 FCPATH\index.php(67): CodeIgniter\CodeIgniter->run()
CRITICAL - 2022-09-01 21:41:08 --> Undefined variable: konten
in APPPATH\Views\surat\dashboard.php on line 4.
 1 APPPATH\Views\surat\dashboard.php(4): CodeIgniter\Debug\Exceptions->errorHandler(8, 'Undefined variable: konten', 'APPPATH\\Views\\surat\\dashboard.php', 4, [...])
 2 SYSTEMPATH\View\View.php(213): include('APPPATH\\Views\\surat\\dashboard.php')
 3 SYSTEMPATH\View\View.php(216): CodeIgniter\View\View->CodeIgniter\View\{closure}()
 4 SYSTEMPATH\Common.php(1142): CodeIgniter\View\View->render('surat/dashboard.php', [], true)
 5 APPPATH\Controllers\Home.php(13): view('surat/dashboard.php', [...])
 6 SYSTEMPATH\CodeIgniter.php(904): App\Controllers\Home->index()
 7 SYSTEMPATH\CodeIgniter.php(457): CodeIgniter\CodeIgniter->runController(Object(App\Controllers\Home))
 8 SYSTEMPATH\CodeIgniter.php(340): CodeIgniter\CodeIgniter->handleRequest(null, Object(Config\Cache), false)
 9 FCPATH\index.php(67): CodeIgniter\CodeIgniter->run()
