CRITICAL - 2022-09-19 01:00:08 --> Undefined variable: validation
in APPPATH\Views\surat\suratmasuk\indexsuratmasuk.php on line 97.
 1 APPPATH\Views\surat\suratmasuk\indexsuratmasuk.php(97): CodeIgniter\Debug\Exceptions->errorHandler(8, 'Undefined variable: validation', 'APPPATH\\Views\\surat\\suratmasuk\\indexsuratmasuk.php', 97, [...])
 2 SYSTEMPATH\View\View.php(213): include('APPPATH\\Views\\surat\\suratmasuk\\indexsuratmasuk.php')
 3 SYSTEMPATH\View\View.php(216): CodeIgniter\View\View->CodeIgniter\View\{closure}()
 4 SYSTEMPATH\Common.php(1142): CodeIgniter\View\View->render('surat/suratmasuk/indexsuratmasuk.php', [...], true)
 5 APPPATH\Controllers\SuratMasuk.php(42): view('surat/suratmasuk/indexsuratmasuk.php', [...], [...])
 6 SYSTEMPATH\CodeIgniter.php(904): App\Controllers\SuratMasuk->index()
 7 SYSTEMPATH\CodeIgniter.php(457): CodeIgniter\CodeIgniter->runController(Object(App\Controllers\SuratMasuk))
 8 SYSTEMPATH\CodeIgniter.php(340): CodeIgniter\CodeIgniter->handleRequest(null, Object(Config\Cache), false)
 9 FCPATH\index.php(67): CodeIgniter\CodeIgniter->run()
CRITICAL - 2022-09-19 20:38:13 --> Undefined property: App\Controllers\SuratMasuk::$input
in APPPATH\Controllers\SuratMasuk.php on line 171.
 1 APPPATH\Controllers\SuratMasuk.php(171): CodeIgniter\Debug\Exceptions->errorHandler(8, 'Undefined property: App\\Controllers\\SuratMasuk::$input', 'APPPATH\\Controllers\\SuratMasuk.php', 171, [...])
 2 APPPATH\Controllers\SuratMasuk.php(110): App\Controllers\SuratMasuk->_validate()
 3 SYSTEMPATH\CodeIgniter.php(904): App\Controllers\SuratMasuk->tambahSuratMasuk()
 4 SYSTEMPATH\CodeIgniter.php(457): CodeIgniter\CodeIgniter->runController(Object(App\Controllers\SuratMasuk))
 5 SYSTEMPATH\CodeIgniter.php(340): CodeIgniter\CodeIgniter->handleRequest(null, Object(Config\Cache), false)
 6 FCPATH\index.php(67): CodeIgniter\CodeIgniter->run()
CRITICAL - 2022-09-19 20:41:11 --> Call to undefined method App\Controllers\SuratMasuk::_validate()
in APPPATH\Controllers\SuratMasuk.php on line 110.
 1 SYSTEMPATH\CodeIgniter.php(904): App\Controllers\SuratMasuk->tambahSuratMasuk()
 2 SYSTEMPATH\CodeIgniter.php(457): CodeIgniter\CodeIgniter->runController(Object(App\Controllers\SuratMasuk))
 3 SYSTEMPATH\CodeIgniter.php(340): CodeIgniter\CodeIgniter->handleRequest(null, Object(Config\Cache), false)
 4 FCPATH\index.php(67): CodeIgniter\CodeIgniter->run()
CRITICAL - 2022-09-19 20:41:22 --> The original file is not a valid file.
in SYSTEMPATH\HTTP\Files\UploadedFile.php on line 137.
 1 SYSTEMPATH\HTTP\Files\UploadedFile.php(137): CodeIgniter\HTTP\Exceptions\HTTPException::forInvalidFile()
 2 APPPATH\Controllers\SuratMasuk.php(113): CodeIgniter\HTTP\Files\UploadedFile->move('FCPATH\\asset\\pdf', 'ROOTPATH\\public')
 3 SYSTEMPATH\CodeIgniter.php(904): App\Controllers\SuratMasuk->tambahSuratMasuk()
 4 SYSTEMPATH\CodeIgniter.php(457): CodeIgniter\CodeIgniter->runController(Object(App\Controllers\SuratMasuk))
 5 SYSTEMPATH\CodeIgniter.php(340): CodeIgniter\CodeIgniter->handleRequest(null, Object(Config\Cache), false)
 6 FCPATH\index.php(67): CodeIgniter\CodeIgniter->run()
CRITICAL - 2022-09-19 20:41:55 --> The original file is not a valid file.
in SYSTEMPATH\HTTP\Files\UploadedFile.php on line 137.
 1 SYSTEMPATH\HTTP\Files\UploadedFile.php(137): CodeIgniter\HTTP\Exceptions\HTTPException::forInvalidFile()
 2 APPPATH\Controllers\SuratMasuk.php(114): CodeIgniter\HTTP\Files\UploadedFile->move('FCPATH\\asset\\pdf', 'ROOTPATH\\public')
 3 SYSTEMPATH\CodeIgniter.php(904): App\Controllers\SuratMasuk->tambahSuratMasuk()
 4 SYSTEMPATH\CodeIgniter.php(457): CodeIgniter\CodeIgniter->runController(Object(App\Controllers\SuratMasuk))
 5 SYSTEMPATH\CodeIgniter.php(340): CodeIgniter\CodeIgniter->handleRequest(null, Object(Config\Cache), false)
 6 FCPATH\index.php(67): CodeIgniter\CodeIgniter->run()
CRITICAL - 2022-09-19 20:42:01 --> The original file is not a valid file.
in SYSTEMPATH\HTTP\Files\UploadedFile.php on line 137.
 1 SYSTEMPATH\HTTP\Files\UploadedFile.php(137): CodeIgniter\HTTP\Exceptions\HTTPException::forInvalidFile()
 2 APPPATH\Controllers\SuratMasuk.php(114): CodeIgniter\HTTP\Files\UploadedFile->move('FCPATH\\asset\\pdf', 'ROOTPATH\\public')
 3 SYSTEMPATH\CodeIgniter.php(904): App\Controllers\SuratMasuk->tambahSuratMasuk()
 4 SYSTEMPATH\CodeIgniter.php(457): CodeIgniter\CodeIgniter->runController(Object(App\Controllers\SuratMasuk))
 5 SYSTEMPATH\CodeIgniter.php(340): CodeIgniter\CodeIgniter->handleRequest(null, Object(Config\Cache), false)
 6 FCPATH\index.php(67): CodeIgniter\CodeIgniter->run()
CRITICAL - 2022-09-19 21:35:19 --> Undefined variable: status
in APPPATH\Views\layout\surat\template.php on line 281.
 1 APPPATH\Views\layout\surat\template.php(281): CodeIgniter\Debug\Exceptions->errorHandler(8, 'Undefined variable: status', 'APPPATH\\Views\\layout\\surat\\template.php', 281, [...])
 2 SYSTEMPATH\View\View.php(213): include('APPPATH\\Views\\layout\\surat\\template.php')
 3 SYSTEMPATH\View\View.php(216): CodeIgniter\View\View->CodeIgniter\View\{closure}()
 4 SYSTEMPATH\View\View.php(229): CodeIgniter\View\View->render('layout/surat/template', [], true)
 5 SYSTEMPATH\Common.php(1142): CodeIgniter\View\View->render('surat/dashboardsurat.php', [], true)
 6 APPPATH\Controllers\BerandaSurat.php(34): view('surat/dashboardsurat.php', [...])
 7 SYSTEMPATH\CodeIgniter.php(904): App\Controllers\BerandaSurat->index()
 8 SYSTEMPATH\CodeIgniter.php(457): CodeIgniter\CodeIgniter->runController(Object(App\Controllers\BerandaSurat))
 9 SYSTEMPATH\CodeIgniter.php(340): CodeIgniter\CodeIgniter->handleRequest(null, Object(Config\Cache), false)
10 FCPATH\index.php(67): CodeIgniter\CodeIgniter->run()
CRITICAL - 2022-09-19 21:36:27 --> Undefined variable: status
in APPPATH\Views\layout\surat\template.php on line 281.
 1 APPPATH\Views\layout\surat\template.php(281): CodeIgniter\Debug\Exceptions->errorHandler(8, 'Undefined variable: status', 'APPPATH\\Views\\layout\\surat\\template.php', 281, [...])
 2 SYSTEMPATH\View\View.php(213): include('APPPATH\\Views\\layout\\surat\\template.php')
 3 SYSTEMPATH\View\View.php(216): CodeIgniter\View\View->CodeIgniter\View\{closure}()
 4 SYSTEMPATH\View\View.php(229): CodeIgniter\View\View->render('layout/surat/template', [], true)
 5 SYSTEMPATH\Common.php(1142): CodeIgniter\View\View->render('surat/dashboardsurat.php', [], true)
 6 APPPATH\Controllers\BerandaSurat.php(34): view('surat/dashboardsurat.php', [...])
 7 SYSTEMPATH\CodeIgniter.php(904): App\Controllers\BerandaSurat->index()
 8 SYSTEMPATH\CodeIgniter.php(457): CodeIgniter\CodeIgniter->runController(Object(App\Controllers\BerandaSurat))
 9 SYSTEMPATH\CodeIgniter.php(340): CodeIgniter\CodeIgniter->handleRequest(null, Object(Config\Cache), false)
10 FCPATH\index.php(67): CodeIgniter\CodeIgniter->run()
CRITICAL - 2022-09-19 21:37:21 --> Undefined variable: status
in APPPATH\Views\layout\surat\template.php on line 281.
 1 APPPATH\Views\layout\surat\template.php(281): CodeIgniter\Debug\Exceptions->errorHandler(8, 'Undefined variable: status', 'APPPATH\\Views\\layout\\surat\\template.php', 281, [...])
 2 SYSTEMPATH\View\View.php(213): include('APPPATH\\Views\\layout\\surat\\template.php')
 3 SYSTEMPATH\View\View.php(216): CodeIgniter\View\View->CodeIgniter\View\{closure}()
 4 SYSTEMPATH\View\View.php(229): CodeIgniter\View\View->render('layout/surat/template', [], true)
 5 SYSTEMPATH\Common.php(1142): CodeIgniter\View\View->render('surat/dashboardsurat.php', [], true)
 6 APPPATH\Controllers\BerandaSurat.php(34): view('surat/dashboardsurat.php', [...])
 7 SYSTEMPATH\CodeIgniter.php(904): App\Controllers\BerandaSurat->index()
 8 SYSTEMPATH\CodeIgniter.php(457): CodeIgniter\CodeIgniter->runController(Object(App\Controllers\BerandaSurat))
 9 SYSTEMPATH\CodeIgniter.php(340): CodeIgniter\CodeIgniter->handleRequest(null, Object(Config\Cache), false)
10 FCPATH\index.php(67): CodeIgniter\CodeIgniter->run()
CRITICAL - 2022-09-19 21:37:22 --> Undefined variable: status
in APPPATH\Views\layout\surat\template.php on line 281.
 1 APPPATH\Views\layout\surat\template.php(281): CodeIgniter\Debug\Exceptions->errorHandler(8, 'Undefined variable: status', 'APPPATH\\Views\\layout\\surat\\template.php', 281, [...])
 2 SYSTEMPATH\View\View.php(213): include('APPPATH\\Views\\layout\\surat\\template.php')
 3 SYSTEMPATH\View\View.php(216): CodeIgniter\View\View->CodeIgniter\View\{closure}()
 4 SYSTEMPATH\View\View.php(229): CodeIgniter\View\View->render('layout/surat/template', [], true)
 5 SYSTEMPATH\Common.php(1142): CodeIgniter\View\View->render('surat/dashboardsurat.php', [], true)
 6 APPPATH\Controllers\BerandaSurat.php(34): view('surat/dashboardsurat.php', [...])
 7 SYSTEMPATH\CodeIgniter.php(904): App\Controllers\BerandaSurat->index()
 8 SYSTEMPATH\CodeIgniter.php(457): CodeIgniter\CodeIgniter->runController(Object(App\Controllers\BerandaSurat))
 9 SYSTEMPATH\CodeIgniter.php(340): CodeIgniter\CodeIgniter->handleRequest(null, Object(Config\Cache), false)
10 FCPATH\index.php(67): CodeIgniter\CodeIgniter->run()
CRITICAL - 2022-09-19 21:37:22 --> Undefined variable: status
in APPPATH\Views\layout\surat\template.php on line 281.
 1 APPPATH\Views\layout\surat\template.php(281): CodeIgniter\Debug\Exceptions->errorHandler(8, 'Undefined variable: status', 'APPPATH\\Views\\layout\\surat\\template.php', 281, [...])
 2 SYSTEMPATH\View\View.php(213): include('APPPATH\\Views\\layout\\surat\\template.php')
 3 SYSTEMPATH\View\View.php(216): CodeIgniter\View\View->CodeIgniter\View\{closure}()
 4 SYSTEMPATH\View\View.php(229): CodeIgniter\View\View->render('layout/surat/template', [], true)
 5 SYSTEMPATH\Common.php(1142): CodeIgniter\View\View->render('surat/dashboardsurat.php', [], true)
 6 APPPATH\Controllers\BerandaSurat.php(34): view('surat/dashboardsurat.php', [...])
 7 SYSTEMPATH\CodeIgniter.php(904): App\Controllers\BerandaSurat->index()
 8 SYSTEMPATH\CodeIgniter.php(457): CodeIgniter\CodeIgniter->runController(Object(App\Controllers\BerandaSurat))
 9 SYSTEMPATH\CodeIgniter.php(340): CodeIgniter\CodeIgniter->handleRequest(null, Object(Config\Cache), false)
10 FCPATH\index.php(67): CodeIgniter\CodeIgniter->run()
CRITICAL - 2022-09-19 21:37:23 --> Undefined variable: status
in APPPATH\Views\layout\surat\template.php on line 281.
 1 APPPATH\Views\layout\surat\template.php(281): CodeIgniter\Debug\Exceptions->errorHandler(8, 'Undefined variable: status', 'APPPATH\\Views\\layout\\surat\\template.php', 281, [...])
 2 SYSTEMPATH\View\View.php(213): include('APPPATH\\Views\\layout\\surat\\template.php')
 3 SYSTEMPATH\View\View.php(216): CodeIgniter\View\View->CodeIgniter\View\{closure}()
 4 SYSTEMPATH\View\View.php(229): CodeIgniter\View\View->render('layout/surat/template', [], true)
 5 SYSTEMPATH\Common.php(1142): CodeIgniter\View\View->render('surat/dashboardsurat.php', [], true)
 6 APPPATH\Controllers\BerandaSurat.php(34): view('surat/dashboardsurat.php', [...])
 7 SYSTEMPATH\CodeIgniter.php(904): App\Controllers\BerandaSurat->index()
 8 SYSTEMPATH\CodeIgniter.php(457): CodeIgniter\CodeIgniter->runController(Object(App\Controllers\BerandaSurat))
 9 SYSTEMPATH\CodeIgniter.php(340): CodeIgniter\CodeIgniter->handleRequest(null, Object(Config\Cache), false)
10 FCPATH\index.php(67): CodeIgniter\CodeIgniter->run()
CRITICAL - 2022-09-19 21:37:23 --> Undefined variable: status
in APPPATH\Views\layout\surat\template.php on line 281.
 1 APPPATH\Views\layout\surat\template.php(281): CodeIgniter\Debug\Exceptions->errorHandler(8, 'Undefined variable: status', 'APPPATH\\Views\\layout\\surat\\template.php', 281, [...])
 2 SYSTEMPATH\View\View.php(213): include('APPPATH\\Views\\layout\\surat\\template.php')
 3 SYSTEMPATH\View\View.php(216): CodeIgniter\View\View->CodeIgniter\View\{closure}()
 4 SYSTEMPATH\View\View.php(229): CodeIgniter\View\View->render('layout/surat/template', [], true)
 5 SYSTEMPATH\Common.php(1142): CodeIgniter\View\View->render('surat/dashboardsurat.php', [], true)
 6 APPPATH\Controllers\BerandaSurat.php(34): view('surat/dashboardsurat.php', [...])
 7 SYSTEMPATH\CodeIgniter.php(904): App\Controllers\BerandaSurat->index()
 8 SYSTEMPATH\CodeIgniter.php(457): CodeIgniter\CodeIgniter->runController(Object(App\Controllers\BerandaSurat))
 9 SYSTEMPATH\CodeIgniter.php(340): CodeIgniter\CodeIgniter->handleRequest(null, Object(Config\Cache), false)
10 FCPATH\index.php(67): CodeIgniter\CodeIgniter->run()
CRITICAL - 2022-09-19 21:37:23 --> Undefined variable: status
in APPPATH\Views\layout\surat\template.php on line 281.
 1 APPPATH\Views\layout\surat\template.php(281): CodeIgniter\Debug\Exceptions->errorHandler(8, 'Undefined variable: status', 'APPPATH\\Views\\layout\\surat\\template.php', 281, [...])
 2 SYSTEMPATH\View\View.php(213): include('APPPATH\\Views\\layout\\surat\\template.php')
 3 SYSTEMPATH\View\View.php(216): CodeIgniter\View\View->CodeIgniter\View\{closure}()
 4 SYSTEMPATH\View\View.php(229): CodeIgniter\View\View->render('layout/surat/template', [], true)
 5 SYSTEMPATH\Common.php(1142): CodeIgniter\View\View->render('surat/dashboardsurat.php', [], true)
 6 APPPATH\Controllers\BerandaSurat.php(34): view('surat/dashboardsurat.php', [...])
 7 SYSTEMPATH\CodeIgniter.php(904): App\Controllers\BerandaSurat->index()
 8 SYSTEMPATH\CodeIgniter.php(457): CodeIgniter\CodeIgniter->runController(Object(App\Controllers\BerandaSurat))
 9 SYSTEMPATH\CodeIgniter.php(340): CodeIgniter\CodeIgniter->handleRequest(null, Object(Config\Cache), false)
10 FCPATH\index.php(67): CodeIgniter\CodeIgniter->run()
CRITICAL - 2022-09-19 21:37:23 --> Undefined variable: status
in APPPATH\Views\layout\surat\template.php on line 281.
 1 APPPATH\Views\layout\surat\template.php(281): CodeIgniter\Debug\Exceptions->errorHandler(8, 'Undefined variable: status', 'APPPATH\\Views\\layout\\surat\\template.php', 281, [...])
 2 SYSTEMPATH\View\View.php(213): include('APPPATH\\Views\\layout\\surat\\template.php')
 3 SYSTEMPATH\View\View.php(216): CodeIgniter\View\View->CodeIgniter\View\{closure}()
 4 SYSTEMPATH\View\View.php(229): CodeIgniter\View\View->render('layout/surat/template', [], true)
 5 SYSTEMPATH\Common.php(1142): CodeIgniter\View\View->render('surat/dashboardsurat.php', [], true)
 6 APPPATH\Controllers\BerandaSurat.php(34): view('surat/dashboardsurat.php', [...])
 7 SYSTEMPATH\CodeIgniter.php(904): App\Controllers\BerandaSurat->index()
 8 SYSTEMPATH\CodeIgniter.php(457): CodeIgniter\CodeIgniter->runController(Object(App\Controllers\BerandaSurat))
 9 SYSTEMPATH\CodeIgniter.php(340): CodeIgniter\CodeIgniter->handleRequest(null, Object(Config\Cache), false)
10 FCPATH\index.php(67): CodeIgniter\CodeIgniter->run()
CRITICAL - 2022-09-19 21:37:23 --> Undefined variable: status
in APPPATH\Views\layout\surat\template.php on line 281.
 1 APPPATH\Views\layout\surat\template.php(281): CodeIgniter\Debug\Exceptions->errorHandler(8, 'Undefined variable: status', 'APPPATH\\Views\\layout\\surat\\template.php', 281, [...])
 2 SYSTEMPATH\View\View.php(213): include('APPPATH\\Views\\layout\\surat\\template.php')
 3 SYSTEMPATH\View\View.php(216): CodeIgniter\View\View->CodeIgniter\View\{closure}()
 4 SYSTEMPATH\View\View.php(229): CodeIgniter\View\View->render('layout/surat/template', [], true)
 5 SYSTEMPATH\Common.php(1142): CodeIgniter\View\View->render('surat/dashboardsurat.php', [], true)
 6 APPPATH\Controllers\BerandaSurat.php(34): view('surat/dashboardsurat.php', [...])
 7 SYSTEMPATH\CodeIgniter.php(904): App\Controllers\BerandaSurat->index()
 8 SYSTEMPATH\CodeIgniter.php(457): CodeIgniter\CodeIgniter->runController(Object(App\Controllers\BerandaSurat))
 9 SYSTEMPATH\CodeIgniter.php(340): CodeIgniter\CodeIgniter->handleRequest(null, Object(Config\Cache), false)
10 FCPATH\index.php(67): CodeIgniter\CodeIgniter->run()
CRITICAL - 2022-09-19 21:37:23 --> Undefined variable: status
in APPPATH\Views\layout\surat\template.php on line 281.
 1 APPPATH\Views\layout\surat\template.php(281): CodeIgniter\Debug\Exceptions->errorHandler(8, 'Undefined variable: status', 'APPPATH\\Views\\layout\\surat\\template.php', 281, [...])
 2 SYSTEMPATH\View\View.php(213): include('APPPATH\\Views\\layout\\surat\\template.php')
 3 SYSTEMPATH\View\View.php(216): CodeIgniter\View\View->CodeIgniter\View\{closure}()
 4 SYSTEMPATH\View\View.php(229): CodeIgniter\View\View->render('layout/surat/template', [], true)
 5 SYSTEMPATH\Common.php(1142): CodeIgniter\View\View->render('surat/dashboardsurat.php', [], true)
 6 APPPATH\Controllers\BerandaSurat.php(34): view('surat/dashboardsurat.php', [...])
 7 SYSTEMPATH\CodeIgniter.php(904): App\Controllers\BerandaSurat->index()
 8 SYSTEMPATH\CodeIgniter.php(457): CodeIgniter\CodeIgniter->runController(Object(App\Controllers\BerandaSurat))
 9 SYSTEMPATH\CodeIgniter.php(340): CodeIgniter\CodeIgniter->handleRequest(null, Object(Config\Cache), false)
10 FCPATH\index.php(67): CodeIgniter\CodeIgniter->run()
CRITICAL - 2022-09-19 21:37:24 --> Undefined variable: status
in APPPATH\Views\layout\surat\template.php on line 281.
 1 APPPATH\Views\layout\surat\template.php(281): CodeIgniter\Debug\Exceptions->errorHandler(8, 'Undefined variable: status', 'APPPATH\\Views\\layout\\surat\\template.php', 281, [...])
 2 SYSTEMPATH\View\View.php(213): include('APPPATH\\Views\\layout\\surat\\template.php')
 3 SYSTEMPATH\View\View.php(216): CodeIgniter\View\View->CodeIgniter\View\{closure}()
 4 SYSTEMPATH\View\View.php(229): CodeIgniter\View\View->render('layout/surat/template', [], true)
 5 SYSTEMPATH\Common.php(1142): CodeIgniter\View\View->render('surat/dashboardsurat.php', [], true)
 6 APPPATH\Controllers\BerandaSurat.php(34): view('surat/dashboardsurat.php', [...])
 7 SYSTEMPATH\CodeIgniter.php(904): App\Controllers\BerandaSurat->index()
 8 SYSTEMPATH\CodeIgniter.php(457): CodeIgniter\CodeIgniter->runController(Object(App\Controllers\BerandaSurat))
 9 SYSTEMPATH\CodeIgniter.php(340): CodeIgniter\CodeIgniter->handleRequest(null, Object(Config\Cache), false)
10 FCPATH\index.php(67): CodeIgniter\CodeIgniter->run()
CRITICAL - 2022-09-19 21:37:24 --> Undefined variable: status
in APPPATH\Views\layout\surat\template.php on line 281.
 1 APPPATH\Views\layout\surat\template.php(281): CodeIgniter\Debug\Exceptions->errorHandler(8, 'Undefined variable: status', 'APPPATH\\Views\\layout\\surat\\template.php', 281, [...])
 2 SYSTEMPATH\View\View.php(213): include('APPPATH\\Views\\layout\\surat\\template.php')
 3 SYSTEMPATH\View\View.php(216): CodeIgniter\View\View->CodeIgniter\View\{closure}()
 4 SYSTEMPATH\View\View.php(229): CodeIgniter\View\View->render('layout/surat/template', [], true)
 5 SYSTEMPATH\Common.php(1142): CodeIgniter\View\View->render('surat/dashboardsurat.php', [], true)
 6 APPPATH\Controllers\BerandaSurat.php(34): view('surat/dashboardsurat.php', [...])
 7 SYSTEMPATH\CodeIgniter.php(904): App\Controllers\BerandaSurat->index()
 8 SYSTEMPATH\CodeIgniter.php(457): CodeIgniter\CodeIgniter->runController(Object(App\Controllers\BerandaSurat))
 9 SYSTEMPATH\CodeIgniter.php(340): CodeIgniter\CodeIgniter->handleRequest(null, Object(Config\Cache), false)
10 FCPATH\index.php(67): CodeIgniter\CodeIgniter->run()
CRITICAL - 2022-09-19 21:37:24 --> Undefined variable: status
in APPPATH\Views\layout\surat\template.php on line 281.
 1 APPPATH\Views\layout\surat\template.php(281): CodeIgniter\Debug\Exceptions->errorHandler(8, 'Undefined variable: status', 'APPPATH\\Views\\layout\\surat\\template.php', 281, [...])
 2 SYSTEMPATH\View\View.php(213): include('APPPATH\\Views\\layout\\surat\\template.php')
 3 SYSTEMPATH\View\View.php(216): CodeIgniter\View\View->CodeIgniter\View\{closure}()
 4 SYSTEMPATH\View\View.php(229): CodeIgniter\View\View->render('layout/surat/template', [], true)
 5 SYSTEMPATH\Common.php(1142): CodeIgniter\View\View->render('surat/dashboardsurat.php', [], true)
 6 APPPATH\Controllers\BerandaSurat.php(34): view('surat/dashboardsurat.php', [...])
 7 SYSTEMPATH\CodeIgniter.php(904): App\Controllers\BerandaSurat->index()
 8 SYSTEMPATH\CodeIgniter.php(457): CodeIgniter\CodeIgniter->runController(Object(App\Controllers\BerandaSurat))
 9 SYSTEMPATH\CodeIgniter.php(340): CodeIgniter\CodeIgniter->handleRequest(null, Object(Config\Cache), false)
10 FCPATH\index.php(67): CodeIgniter\CodeIgniter->run()
CRITICAL - 2022-09-19 21:37:24 --> Undefined variable: status
in APPPATH\Views\layout\surat\template.php on line 281.
 1 APPPATH\Views\layout\surat\template.php(281): CodeIgniter\Debug\Exceptions->errorHandler(8, 'Undefined variable: status', 'APPPATH\\Views\\layout\\surat\\template.php', 281, [...])
 2 SYSTEMPATH\View\View.php(213): include('APPPATH\\Views\\layout\\surat\\template.php')
 3 SYSTEMPATH\View\View.php(216): CodeIgniter\View\View->CodeIgniter\View\{closure}()
 4 SYSTEMPATH\View\View.php(229): CodeIgniter\View\View->render('layout/surat/template', [], true)
 5 SYSTEMPATH\Common.php(1142): CodeIgniter\View\View->render('surat/dashboardsurat.php', [], true)
 6 APPPATH\Controllers\BerandaSurat.php(34): view('surat/dashboardsurat.php', [...])
 7 SYSTEMPATH\CodeIgniter.php(904): App\Controllers\BerandaSurat->index()
 8 SYSTEMPATH\CodeIgniter.php(457): CodeIgniter\CodeIgniter->runController(Object(App\Controllers\BerandaSurat))
 9 SYSTEMPATH\CodeIgniter.php(340): CodeIgniter\CodeIgniter->handleRequest(null, Object(Config\Cache), false)
10 FCPATH\index.php(67): CodeIgniter\CodeIgniter->run()
CRITICAL - 2022-09-19 21:40:34 --> Undefined variable: status
in APPPATH\Views\layout\surat\template.php on line 281.
 1 APPPATH\Views\layout\surat\template.php(281): CodeIgniter\Debug\Exceptions->errorHandler(8, 'Undefined variable: status', 'APPPATH\\Views\\layout\\surat\\template.php', 281, [...])
 2 SYSTEMPATH\View\View.php(213): include('APPPATH\\Views\\layout\\surat\\template.php')
 3 SYSTEMPATH\View\View.php(216): CodeIgniter\View\View->CodeIgniter\View\{closure}()
 4 SYSTEMPATH\View\View.php(229): CodeIgniter\View\View->render('layout/surat/template', [], true)
 5 SYSTEMPATH\Common.php(1142): CodeIgniter\View\View->render('surat/dashboardsurat.php', [], true)
 6 APPPATH\Controllers\BerandaSurat.php(34): view('surat/dashboardsurat.php', [...])
 7 SYSTEMPATH\CodeIgniter.php(904): App\Controllers\BerandaSurat->index()
 8 SYSTEMPATH\CodeIgniter.php(457): CodeIgniter\CodeIgniter->runController(Object(App\Controllers\BerandaSurat))
 9 SYSTEMPATH\CodeIgniter.php(340): CodeIgniter\CodeIgniter->handleRequest(null, Object(Config\Cache), false)
10 FCPATH\index.php(67): CodeIgniter\CodeIgniter->run()
CRITICAL - 2022-09-19 21:40:37 --> Undefined variable: status
in APPPATH\Views\layout\surat\template.php on line 281.
 1 APPPATH\Views\layout\surat\template.php(281): CodeIgniter\Debug\Exceptions->errorHandler(8, 'Undefined variable: status', 'APPPATH\\Views\\layout\\surat\\template.php', 281, [...])
 2 SYSTEMPATH\View\View.php(213): include('APPPATH\\Views\\layout\\surat\\template.php')
 3 SYSTEMPATH\View\View.php(216): CodeIgniter\View\View->CodeIgniter\View\{closure}()
 4 SYSTEMPATH\View\View.php(229): CodeIgniter\View\View->render('layout/surat/template', [], true)
 5 SYSTEMPATH\Common.php(1142): CodeIgniter\View\View->render('surat/dashboardsurat.php', [], true)
 6 APPPATH\Controllers\BerandaSurat.php(34): view('surat/dashboardsurat.php', [...])
 7 SYSTEMPATH\CodeIgniter.php(904): App\Controllers\BerandaSurat->index()
 8 SYSTEMPATH\CodeIgniter.php(457): CodeIgniter\CodeIgniter->runController(Object(App\Controllers\BerandaSurat))
 9 SYSTEMPATH\CodeIgniter.php(340): CodeIgniter\CodeIgniter->handleRequest(null, Object(Config\Cache), false)
10 FCPATH\index.php(67): CodeIgniter\CodeIgniter->run()
CRITICAL - 2022-09-19 21:41:02 --> Undefined variable: suratmasuk
in APPPATH\Views\surat\suratmasuk\indexsuratmasuk.php on line 50.
 1 APPPATH\Views\surat\suratmasuk\indexsuratmasuk.php(50): CodeIgniter\Debug\Exceptions->errorHandler(8, 'Undefined variable: suratmasuk', 'APPPATH\\Views\\surat\\suratmasuk\\indexsuratmasuk.php', 50, [...])
 2 SYSTEMPATH\View\View.php(213): include('APPPATH\\Views\\surat\\suratmasuk\\indexsuratmasuk.php')
 3 SYSTEMPATH\View\View.php(216): CodeIgniter\View\View->CodeIgniter\View\{closure}()
 4 SYSTEMPATH\Common.php(1142): CodeIgniter\View\View->render('surat/suratmasuk/indexsuratmasuk.php', [], true)
 5 APPPATH\Controllers\SuratMasuk.php(104): view('surat/suratmasuk/indexsuratmasuk.php', [...])
 6 SYSTEMPATH\CodeIgniter.php(904): App\Controllers\SuratMasuk->tambahSuratMasuk()
 7 SYSTEMPATH\CodeIgniter.php(457): CodeIgniter\CodeIgniter->runController(Object(App\Controllers\SuratMasuk))
 8 SYSTEMPATH\CodeIgniter.php(340): CodeIgniter\CodeIgniter->handleRequest(null, Object(Config\Cache), false)
 9 FCPATH\index.php(67): CodeIgniter\CodeIgniter->run()
